Starting Nmap 7.80 ( https://nmap.org ) at 2022-05-19 21:54 CEST
Nmap scan report for 192.168.0.24
Host is up (0.011s latency).
Not shown: 999 closed ports
PORT     STATE SERVICE
5061/tcp open  sip-tls
MAC Address: 22:08:5C:B5:F9:22 (Unknown)
No exact OS matches for host (If you know what OS is running on it, see https://nmap.org/submit/ ).
TCP/IP fingerprint:
OS:SCAN(V=7.80%E=4%D=5/19%OT=5061%CT=1%CU=32204%PV=Y%DS=1%DC=D%G=Y%M=22085C
OS:%TM=6286A0A4%P=aarch64-unknown-linux-gnu)SEQ(SP=105%GCD=1%ISR=10B%TI=Z%C
OS:I=Z%II=I%TS=9)SEQ(SP=105%GCD=1%ISR=10B%TI=Z%CI=Z%TS=A)OPS(O1=M5B4ST11NWA
OS:%O2=M5B4ST11NWA%O3=M5B4NNT11NWA%O4=M5B4ST11NWA%O5=M5B4ST11NWA%O6=M5B4ST1
OS:1)WIN(W1=FFFF%W2=FFFF%W3=FFFF%W4=FFFF%W5=FFFF%W6=FFFF)ECN(R=Y%DF=Y%T=40%
OS:W=FFFF%O=M5B4NNSNWA%CC=Y%Q=)T1(R=Y%DF=Y%T=40%S=O%A=S+%F=AS%RD=0%Q=)T2(R=
OS:N)T3(R=N)T4(R=Y%DF=Y%T=40%W=0%S=A%A=Z%F=R%O=%RD=0%Q=)T5(R=Y%DF=Y%T=40%W=
OS:0%S=Z%A=S+%F=AR%O=%RD=0%Q=)T6(R=Y%DF=Y%T=40%W=0%S=A%A=Z%F=R%O=%RD=0%Q=)T
OS:7(R=Y%DF=Y%T=40%W=0%S=Z%A=S+%F=AR%O=%RD=0%Q=)U1(R=Y%DF=N%T=40%IPL=164%UN
OS:=0%RIPL=G%RID=G%RIPCK=G%RUCK=G%RUD=G)IE(R=Y%DFI=N%T=40%CD=S)

Network Distance: 1 hop

OS detection performed. Please report any incorrect results at https://nmap.org/submit/ .
Nmap done: 1 IP address (1 host up) scanned in 50.38 seconds
