Starting Nmap 7.80 ( https://nmap.org ) at 2022-05-19 21:24 CEST
Nmap scan report for 192.168.0.13
Host is up (0.013s latency).
Not shown: 999 closed ports
PORT     STATE SERVICE
9080/tcp open  glrpc
MAC Address: 82:74:7D:D3:DD:47 (Unknown)
No exact OS matches for host (If you know what OS is running on it, see https://nmap.org/submit/ ).
TCP/IP fingerprint:
OS:SCAN(V=7.80%E=4%D=5/19%OT=9080%CT=1%CU=41209%PV=Y%DS=1%DC=D%G=Y%M=82747D
OS:%TM=6286998F%P=aarch64-unknown-linux-gnu)SEQ(SP=104%GCD=1%ISR=10A%TI=Z%C
OS:I=Z%II=I%TS=A)OPS(O1=M5B4ST11NW8%O2=M5B4ST11NW8%O3=M5B4NNT11NW8%O4=M5B4S
OS:T11NW8%O5=M5B4ST11NW8%O6=M5B4ST11)WIN(W1=FFFF%W2=FFFF%W3=FFFF%W4=FFFF%W5
OS:=FFFF%W6=FFFF)ECN(R=Y%DF=Y%T=40%W=FFFF%O=M5B4NNSNW8%CC=Y%Q=)T1(R=Y%DF=Y%
OS:T=40%S=O%A=S+%F=AS%RD=0%Q=)T2(R=N)T3(R=N)T4(R=Y%DF=Y%T=40%W=0%S=A%A=Z%F=
OS:R%O=%RD=0%Q=)T5(R=Y%DF=Y%T=40%W=0%S=Z%A=S+%F=AR%O=%RD=0%Q=)T6(R=Y%DF=Y%T
OS:=40%W=0%S=A%A=Z%F=R%O=%RD=0%Q=)T7(R=Y%DF=Y%T=40%W=0%S=Z%A=S+%F=AR%O=%RD=
OS:0%Q=)U1(R=Y%DF=N%T=40%IPL=164%UN=0%RIPL=G%RID=G%RIPCK=G%RUCK=G%RUD=G)IE(
OS:R=Y%DFI=N%T=40%CD=S)

Network Distance: 1 hop

OS detection performed. Please report any incorrect results at https://nmap.org/submit/ .
Nmap done: 1 IP address (1 host up) scanned in 28.23 seconds
