Starting Nmap 7.80 ( https://nmap.org ) at 2022-05-19 21:54 CEST
Nmap scan report for 192.168.0.21
Host is up (0.055s latency).
Not shown: 993 closed ports
PORT     STATE SERVICE
7676/tcp open  imqbrokerd
8000/tcp open  http-alt
8001/tcp open  vcom-tunnel
8002/tcp open  teradataordbms
8080/tcp open  http-proxy
9080/tcp open  glrpc
9999/tcp open  abyss
MAC Address: BC:14:85:B7:5C:17 (Samsung Electronics)
Device type: general purpose
Running: Linux 3.X
OS CPE: cpe:/o:linux:linux_kernel:3
OS details: Linux 3.2 - 3.10, Linux 3.2 - 3.16
Network Distance: 1 hop

OS detection performed. Please report any incorrect results at https://nmap.org/submit/ .
Nmap done: 1 IP address (1 host up) scanned in 19.87 seconds
