Starting Nmap 7.80 ( https://nmap.org ) at 2022-05-19 21:53 CEST
Nmap scan report for 192.168.0.15
Host is up (0.014s latency).
Not shown: 995 closed ports
PORT      STATE SERVICE
8008/tcp  open  http
8009/tcp  open  ajp13
8443/tcp  open  https-alt
9000/tcp  open  cslistener
10001/tcp open  scp-config
MAC Address: AC:67:84:3C:F3:DE (Google)
No exact OS matches for host (If you know what OS is running on it, see https://nmap.org/submit/ ).
TCP/IP fingerprint:
OS:SCAN(V=7.80%E=4%D=5/19%OT=8008%CT=1%CU=34747%PV=Y%DS=1%DC=D%G=Y%M=AC6784
OS:%TM=6286A05A%P=aarch64-unknown-linux-gnu)SEQ(SP=107%GCD=1%ISR=10D%TI=Z%C
OS:I=Z%II=I%TS=7)OPS(O1=M5B4ST11NW6%O2=M5B4ST11NW6%O3=M5B4NNT11NW6%O4=M5B4S
OS:T11NW6%O5=M5B4ST11NW6%O6=M5B4ST11)WIN(W1=3890%W2=3890%W3=3890%W4=3890%W5
OS:=3890%W6=3890)ECN(R=Y%DF=Y%T=40%W=3908%O=M5B4NNSNW6%CC=Y%Q=)T1(R=Y%DF=Y%
OS:T=40%S=O%A=S+%F=AS%RD=0%Q=)T2(R=N)T3(R=N)T4(R=Y%DF=Y%T=40%W=0%S=A%A=Z%F=
OS:R%O=%RD=0%Q=)T5(R=Y%DF=Y%T=10%W=0%S=Z%A=S+%F=AR%O=%RD=0%Q=)T6(R=Y%DF=Y%T
OS:=8%W=0%S=A%A=Z%F=R%O=%RD=0%Q=)T7(R=Y%DF=Y%T=8%W=0%S=Z%A=S+%F=AR%O=%RD=0%
OS:Q=)U1(R=Y%DF=N%T=40%IPL=164%UN=0%RIPL=G%RID=G%RIPCK=G%RUCK=G%RUD=G)IE(R=
OS:Y%DFI=N%T=40%CD=S)

Network Distance: 1 hop

OS detection performed. Please report any incorrect results at https://nmap.org/submit/ .
Nmap done: 1 IP address (1 host up) scanned in 28.41 seconds
