Starting Nmap 7.80 ( https://nmap.org ) at 2022-05-19 21:53 CEST
Nmap scan report for 192.168.0.16
Host is up (0.035s latency).
Not shown: 990 closed ports
PORT     STATE SERVICE
53/tcp   open  domain
80/tcp   open  http
139/tcp  open  netbios-ssn
445/tcp  open  microsoft-ds
1080/tcp open  socks
4662/tcp open  edonkey
8002/tcp open  teradataordbms
8192/tcp open  sophos
8193/tcp open  sophos
9000/tcp open  cslistener
MAC Address: 2A:6C:07:4E:61:75 (Unknown)
No exact OS matches for host (If you know what OS is running on it, see https://nmap.org/submit/ ).
TCP/IP fingerprint:
OS:SCAN(V=7.80%E=4%D=5/19%OT=53%CT=1%CU=33577%PV=Y%DS=1%DC=D%G=Y%M=2A6C07%T
OS:M=6286A061%P=aarch64-unknown-linux-gnu)SEQ(SP=0%GCD=0%ISR=0%TI=Z%CI=Z%II
OS:=I%TS=7)SEQ(SP=0%GCD=0%ISR=0%TI=Z%CI=Z%TS=8)OPS(O1=M5B4ST11NW5%O2=M5B4ST
OS:11NW5%O3=M5B4NNT11NW5%O4=M5B4ST11NW5%O5=M5B4ST11NW5%O6=M5B4ST11)WIN(W1=1
OS:6A0%W2=16A0%W3=16A0%W4=16A0%W5=16A0%W6=16A0)ECN(R=Y%DF=Y%T=40%W=16D0%O=M
OS:5B4NNSNW5%CC=N%Q=)T1(R=Y%DF=Y%T=40%S=A%A=S+%F=AS%RD=0%Q=)T2(R=N)T3(R=N)T
OS:4(R=Y%DF=Y%T=40%W=0%S=A%A=Z%F=R%O=%RD=0%Q=)T5(R=Y%DF=Y%T=40%W=0%S=Z%A=S+
OS:%F=AR%O=%RD=0%Q=)T6(R=Y%DF=Y%T=40%W=0%S=A%A=Z%F=R%O=%RD=0%Q=)T7(R=N)U1(R
OS:=Y%DF=N%T=40%IPL=164%UN=0%RIPL=G%RID=G%RIPCK=G%RUCK=G%RUD=G)IE(R=Y%DFI=N
OS:%T=40%CD=S)

Network Distance: 1 hop

OS detection performed. Please report any incorrect results at https://nmap.org/submit/ .
Nmap done: 1 IP address (1 host up) scanned in 29.69 seconds
