{"level":"info","message":"Probando los logs"}
{"level":"error","message":"Probando los logs"}
{"contentLength":"-","level":"info","message":"HTTP Access Log","method":"GET","responseTime":49.495,"status":304,"timestamp":"Sun May 15 2022 21:27:29 GMT+0200 (hora de verano de Europa central)","url":"/"}
{"contentLength":"-","level":"info","message":"HTTP Access Log","method":"GET","responseTime":3.928,"status":304,"timestamp":"Sun May 15 2022 21:27:43 GMT+0200 (hora de verano de Europa central)","url":"/"}
{"contentLength":"143","level":"info","message":"HTTP Access Log","method":"GET","responseTime":13.413,"status":404,"timestamp":"Sun May 15 2022 21:27:50 GMT+0200 (hora de verano de Europa central)","url":"/pato"}
{"contentLength":"144","level":"info","message":"HTTP Access Log","method":"GET","responseTime":1.697,"status":404,"timestamp":"Sun May 15 2022 21:27:53 GMT+0200 (hora de verano de Europa central)","url":"/pato/"}
{"level":"info","message":"Probando los logs"}
{"level":"error","message":"Probando los logs"}
{"contentLength":"144","level":"info","message":"HTTP Access Log","method":"GET","responseTime":18.98,"status":404,"timestamp":"Sun May 15 2022 21:29:02 GMT+0200 (hora de verano de Europa central)","url":"/pato/"}
{"contentLength":"-","level":"info","message":"HTTP Access Log","method":"GET","responseTime":22.07,"status":304,"timestamp":"Sun May 15 2022 21:29:05 GMT+0200 (hora de verano de Europa central)","url":"/"}
{"contentLength":"-","level":"info","message":"HTTP Access Log","method":"GET","responseTime":5.709,"status":304,"timestamp":"Sun May 15 2022 21:29:11 GMT+0200 (hora de verano de Europa central)","url":"/"}
{"contentLength":"240","level":"info","message":"HTTP Access Log","method":"GET","responseTime":25.952,"status":200,"timestamp":"Sun May 15 2022 21:30:39 GMT+0200 (hora de verano de Europa central)","url":"/"}
{"level":"info","message":"folder1"}
{"level":"info","message":"folder1"}
{"level":"info","message":"folder1 que es?"}
{"level":"info","message":"folder1 que es?"}
{"level":"info","message":"folder1 que es?"}
{"level":"info","message":"folder1 que es?"}
{"level":"info","message":{"atime":"2022-05-15T18:36:50.743Z","atimeMs":1652639810742.9773,"birthtime":"2022-05-15T18:36:50.743Z","birthtimeMs":1652639810742.9773,"blksize":4096,"blocks":8,"ctime":"2022-05-15T18:37:15.063Z","ctimeMs":1652639835062.9338,"dev":45826,"gid":1000,"ino":392978,"mode":16877,"mtime":"2022-05-15T18:37:15.063Z","mtimeMs":1652639835062.9338,"nlink":3,"rdev":0,"size":4096,"uid":1000}}
{"level":"info","message":"folder1 que es?"}
{"level":"info","message":{"atime":"2022-05-15T18:36:50.743Z","atimeMs":1652639810742.9773,"birthtime":"2022-05-15T18:36:50.743Z","birthtimeMs":1652639810742.9773,"blksize":4096,"blocks":8,"ctime":"2022-05-15T18:37:15.063Z","ctimeMs":1652639835062.9338,"dev":45826,"gid":1000,"ino":392978,"mode":16877,"mtime":"2022-05-15T18:37:15.063Z","mtimeMs":1652639835062.9338,"nlink":3,"rdev":0,"size":4096,"uid":1000}}
{"level":"info","message":"folder1 que es?"}
{"level":"info","message":{"atime":"2022-05-15T18:36:50.743Z","atimeMs":1652639810742.9773,"birthtime":"2022-05-15T18:36:50.743Z","birthtimeMs":1652639810742.9773,"blksize":4096,"blocks":8,"ctime":"2022-05-15T18:37:15.063Z","ctimeMs":1652639835062.9338,"dev":45826,"gid":1000,"ino":392978,"mode":16877,"mtime":"2022-05-15T18:37:15.063Z","mtimeMs":1652639835062.9338,"nlink":3,"rdev":0,"size":4096,"uid":1000}}
{"level":"info","message":"folder1 que es?"}
{"level":"info","message":{"atime":"2022-05-15T18:36:50.743Z","atimeMs":1652639810742.9773,"birthtime":"2022-05-15T18:36:50.743Z","birthtimeMs":1652639810742.9773,"blksize":4096,"blocks":8,"ctime":"2022-05-15T18:37:15.063Z","ctimeMs":1652639835062.9338,"dev":45826,"gid":1000,"ino":392978,"mode":16877,"mtime":"2022-05-15T18:37:15.063Z","mtimeMs":1652639835062.9338,"nlink":3,"rdev":0,"size":4096,"uid":1000}}
{"level":"info","message":["/home/nestor/Imágenes/folder1"]}
{"level":"info","message":"folder1 que es?"}
{"level":"info","message":{"atime":"2022-05-15T18:36:50.743Z","atimeMs":1652639810742.9773,"birthtime":"2022-05-15T18:36:50.743Z","birthtimeMs":1652639810742.9773,"blksize":4096,"blocks":8,"ctime":"2022-05-15T18:37:15.063Z","ctimeMs":1652639835062.9338,"dev":45826,"gid":1000,"ino":392978,"mode":16877,"mtime":"2022-05-15T18:37:15.063Z","mtimeMs":1652639835062.9338,"nlink":3,"rdev":0,"size":4096,"uid":1000}}
{"level":"info","message":["/home/nestor/Imágenes/folder1"]}
{"level":"info","message":"folder1 que es?"}
{"level":"info","message":["/home/nestor/Imágenes/folder1"]}
{"level":"info","message":"folder1 que es?"}
{"level":"info","message":438804}
{"level":"info","message":["/home/nestor/Imágenes/folder1"]}
{"level":"info","message":"folder1 que es?"}
{"level":"info","message":"45826 392978"}
{"level":"info","message":["/home/nestor/Imágenes/folder1"]}
{"level":"info","message":"folder1 que es?"}
{"level":"info","message":"dev45826ino392978"}
{"level":"info","message":["/home/nestor/Imágenes/folder1"]}
{"level":"info","message":"folder1 que es?"}
{"level":"info","message":"dev45826ino392978"}
{"level":"info","message":["/home/nestor/Imágenes/folder1"]}
{"level":"info","message":"folder1 que es?"}
{"level":"info","message":"is a folder"}
{"level":"info","message":"is a file"}
{"level":"info","message":"dev45826ino392978"}
{"level":"info","message":["/home/nestor/Imágenes/folder1"]}
{"level":"info","message":"folder1 que es?"}
{"level":"info","message":"is a folder true"}
{"level":"info","message":"is a file false"}
{"level":"info","message":"dev45826ino392978"}
{"level":"info","message":["/home/nestor/Imágenes/folder1"]}
{"level":"info","message":"folder1 que es?"}
{"level":"info","message":"is a folder true"}
{"level":"info","message":"is a file false"}
{"level":"info","message":"dev45826ino392978"}
{"level":"info","message":["/home/nestor/Imágenes/folder1"]}
{"level":"info"}
{"level":"info","message":"/home/nestor/Imágenes/"}
{"level":"info","message":"/home/nestor/Imágenes/"}
{"level":"info","message":"/home/nestor/Imágenes/"}
{"level":"info","message":"folder1"}
{"level":"info","message":"/home/nestor/Imágenes/"}
{"level":"info","message":"folder1"}
{"level":"info","message":"/home/nestor/Imágenes/"}
{"level":"info","message":"folder1"}
{"level":"info","message":"/home/nestor/Imágenes/"}
{"level":"info","message":"folder1 false"}
{"level":"info","message":"/home/nestor/Imágenes/"}
{"level":"info","message":"is file."}
{"level":"info","message":"/home/nestor/Imágenes/"}
{"level":"info","message":"folder1 is folder"}
{"level":"info","message":"/home/nestor/Imágenes/"}
{"level":"info","message":"/home/nestor/Imágenes/folder1"}
{"level":"info","message":"folder1 is folder"}
{"level":"info","message":"/home/nestor/Imágenes"}
{"level":"info","message":"/home/nestor/Imágenes/folder1"}
{"level":"info","message":"folder1 is folder"}
{"level":"info","message":"/home/nestor/Imágenes"}
{"level":"info","message":"/home/nestor/Imágenes/folder1"}
{"level":"info","message":"folder1 is folder"}
{"level":"info","message":"/home/nestor/Imágenes/folder1"}
{"level":"info","message":"/home/nestor/Imágenes/folder1/RPiSystem.png"}
{"level":"info","message":"RPiSystem.png is file."}
{"level":"info","message":"/home/nestor/Imágenes/folder1/RPiSystem.png"}
{"level":"info","message":"Entramos en getFilesInFolder"}
{"level":"info","message":"/home/nestor/Imágenes"}
{"level":"info","message":"/home/nestor/Imágenes/folder1"}
{"level":"info","message":"folder1 is folder"}
{"level":"info","message":"Entramos en getFilesInFolder"}
{"level":"info","message":"/home/nestor/Imágenes/folder1"}
{"level":"info","message":"/home/nestor/Imágenes/folder1/RPiSystem.png"}
{"level":"info","message":"RPiSystem.png is file."}
{"level":"info","message":"Entramos en getFilesInFolder"}
{"level":"info","message":"/home/nestor/Imágenes/folder1/RPiSystem.png"}
{"level":"info","message":"Entramos en getFilesInFolder"}
{"level":"info","message":"/home/nestor/Imágenes"}
{"level":"info","message":"/home/nestor/Imágenes/folder1"}
{"level":"info","message":"folder1 is folder"}
{"level":"info","message":"Entramos en getFilesInFolder"}
{"level":"info","message":"/home/nestor/Imágenes/folder1"}
{"level":"info","message":"/home/nestor/Imágenes/folder1/RPiSystem.png"}
{"level":"info","message":"RPiSystem.png is file."}
{"level":"info","message":"/home/nestor/Imágenes/folder1/folder2"}
{"level":"info","message":"folder2 is folder"}
{"level":"info","message":"Entramos en getFilesInFolder"}
{"level":"info","message":"/home/nestor/Imágenes/folder1/folder2"}
{"level":"info","message":"/home/nestor/Imágenes/folder1/folder2/aurora.jpg"}
{"level":"info","message":"aurora.jpg is file."}
{"level":"info","message":"/home/nestor/Imágenes/folder1/folder2/balloon.jpg"}
{"level":"info","message":"balloon.jpg is file."}
{"level":"info","message":"/home/nestor/Imágenes/folder1/folder2/bridge.jpg"}
{"level":"info","message":"bridge.jpg is file."}
{"level":"info","message":"/home/nestor/Imágenes/folder1/folder2/canyon.jpg"}
{"level":"info","message":"canyon.jpg is file."}
{"level":"info","message":"/home/nestor/Imágenes/folder1/folder2/cliff.jpg"}
{"level":"info","message":"cliff.jpg is file."}
{"level":"info","message":"/home/nestor/Imágenes/folder1/folder2/clouds.jpg"}
{"level":"info","message":"clouds.jpg is file."}
{"level":"info","message":"/home/nestor/Imágenes/folder1/folder2/fisherman.jpg"}
{"level":"info","message":"fisherman.jpg is file."}
{"level":"info","message":"/home/nestor/Imágenes/folder1/folder2/fjord.jpg"}
{"level":"info","message":"fjord.jpg is file."}
{"level":"info","message":"/home/nestor/Imágenes/folder1/folder2/islands.jpg"}
{"level":"info","message":"islands.jpg is file."}
{"level":"info","message":"/home/nestor/Imágenes/folder1/folder2/lasers.jpg"}
{"level":"info","message":"lasers.jpg is file."}
{"level":"info","message":"Salimos en getFilesInFolder: aurora.jpg,balloon.jpg,bridge.jpg,canyon.jpg,cliff.jpg,clouds.jpg,fisherman.jpg,fjord.jpg,islands.jpg,lasers.jpg"}
{"level":"info","message":"/home/nestor/Imágenes/folder1/lasers.jpg"}
{"level":"info","message":"lasers.jpg is file."}
{"level":"info","message":"/home/nestor/Imágenes/folder1/license.txt"}
{"level":"info","message":"license.txt is file."}
{"level":"info","message":"/home/nestor/Imágenes/folder1/mountain.jpg"}
{"level":"info","message":"mountain.jpg is file."}
{"level":"info","message":"/home/nestor/Imágenes/folder1/raspberry-pi-logo.png"}
{"level":"info","message":"raspberry-pi-logo.png is file."}
{"level":"info","message":"/home/nestor/Imágenes/folder1/road.jpg"}
{"level":"info","message":"road.jpg is file."}
{"level":"info","message":"/home/nestor/Imágenes/folder1/sand.jpg"}
{"level":"info","message":"sand.jpg is file."}
{"level":"info","message":"/home/nestor/Imágenes/folder1/temple.jpg"}
{"level":"info","message":"temple.jpg is file."}
{"level":"info","message":"/home/nestor/Imágenes/folder1/trees.jpg"}
{"level":"info","message":"trees.jpg is file."}
{"level":"info","message":"/home/nestor/Imágenes/folder1/waterfall.jpg"}
{"level":"info","message":"waterfall.jpg is file."}
{"level":"info","message":"Salimos en getFilesInFolder: RPiSystem.png,lasers.jpg,license.txt,mountain.jpg,raspberry-pi-logo.png,road.jpg,sand.jpg,temple.jpg,trees.jpg,waterfall.jpg"}
{"level":"info","message":"Salimos en getFilesInFolder: "}
{"level":"info","message":"Entramos en getFilesInFolder"}
{"level":"info","message":"/home/nestor/Imágenes"}
{"level":"info","message":"/home/nestor/Imágenes/folder1"}
{"level":"info","message":"folder1 is folder"}
{"level":"info","message":"Entramos en getFilesInFolder"}
{"level":"info","message":"/home/nestor/Imágenes/folder1"}
{"level":"info","message":"/home/nestor/Imágenes/folder1/RPiSystem.png"}
{"level":"info","message":"RPiSystem.png is file."}
{"level":"info","message":"/home/nestor/Imágenes/folder1/folder2"}
{"level":"info","message":"folder2 is folder"}
{"level":"info","message":"Entramos en getFilesInFolder"}
{"level":"info","message":"/home/nestor/Imágenes/folder1/folder2"}
{"level":"info","message":"/home/nestor/Imágenes/folder1/folder2/aurora.jpg"}
{"level":"info","message":"aurora.jpg is file."}
{"level":"info","message":"/home/nestor/Imágenes/folder1/folder2/balloon.jpg"}
{"level":"info","message":"balloon.jpg is file."}
{"level":"info","message":"/home/nestor/Imágenes/folder1/folder2/bridge.jpg"}
{"level":"info","message":"bridge.jpg is file."}
{"level":"info","message":"/home/nestor/Imágenes/folder1/folder2/canyon.jpg"}
{"level":"info","message":"canyon.jpg is file."}
{"level":"info","message":"/home/nestor/Imágenes/folder1/folder2/cliff.jpg"}
{"level":"info","message":"cliff.jpg is file."}
{"level":"info","message":"/home/nestor/Imágenes/folder1/folder2/clouds.jpg"}
{"level":"info","message":"clouds.jpg is file."}
{"level":"info","message":"/home/nestor/Imágenes/folder1/folder2/fisherman.jpg"}
{"level":"info","message":"fisherman.jpg is file."}
{"level":"info","message":"/home/nestor/Imágenes/folder1/folder2/fjord.jpg"}
{"level":"info","message":"fjord.jpg is file."}
{"level":"info","message":"/home/nestor/Imágenes/folder1/folder2/islands.jpg"}
{"level":"info","message":"islands.jpg is file."}
{"level":"info","message":"/home/nestor/Imágenes/folder1/folder2/lasers.jpg"}
{"level":"info","message":"lasers.jpg is file."}
{"level":"info","message":"Salimos en getFilesInFolder: aurora.jpg,balloon.jpg,bridge.jpg,canyon.jpg,cliff.jpg,clouds.jpg,fisherman.jpg,fjord.jpg,islands.jpg,lasers.jpg"}
{"level":"info","message":"/home/nestor/Imágenes/folder1/lasers.jpg"}
{"level":"info","message":"lasers.jpg is file."}
{"level":"info","message":"/home/nestor/Imágenes/folder1/license.txt"}
{"level":"info","message":"license.txt is file."}
{"level":"info","message":"/home/nestor/Imágenes/folder1/mountain.jpg"}
{"level":"info","message":"mountain.jpg is file."}
{"level":"info","message":"/home/nestor/Imágenes/folder1/raspberry-pi-logo.png"}
{"level":"info","message":"raspberry-pi-logo.png is file."}
{"level":"info","message":"/home/nestor/Imágenes/folder1/road.jpg"}
{"level":"info","message":"road.jpg is file."}
{"level":"info","message":"/home/nestor/Imágenes/folder1/sand.jpg"}
{"level":"info","message":"sand.jpg is file."}
{"level":"info","message":"/home/nestor/Imágenes/folder1/temple.jpg"}
{"level":"info","message":"temple.jpg is file."}
{"level":"info","message":"/home/nestor/Imágenes/folder1/trees.jpg"}
{"level":"info","message":"trees.jpg is file."}
{"level":"info","message":"/home/nestor/Imágenes/folder1/waterfall.jpg"}
{"level":"info","message":"waterfall.jpg is file."}
{"level":"info","message":"Salimos en getFilesInFolder: RPiSystem.png,lasers.jpg,license.txt,mountain.jpg,raspberry-pi-logo.png,road.jpg,sand.jpg,temple.jpg,trees.jpg,waterfall.jpg"}
{"level":"info","message":"Salimos en getFilesInFolder: "}
{"level":"info","message":"Entramos en getFilesInFolder"}
{"level":"info","message":"/home/nestor/Imágenes"}
{"level":"info","message":"/home/nestor/Imágenes/folder1"}
{"level":"info","message":"folder1 is folder"}
{"level":"info","message":"Entramos en getFilesInFolder"}
{"level":"info","message":"/home/nestor/Imágenes/folder1"}
{"level":"info","message":"/home/nestor/Imágenes/folder1/RPiSystem.png"}
{"level":"info","message":"RPiSystem.png is file."}
{"level":"info","message":"/home/nestor/Imágenes/folder1/folder2"}
{"level":"info","message":"folder2 is folder"}
{"level":"info","message":"Entramos en getFilesInFolder"}
{"level":"info","message":"/home/nestor/Imágenes/folder1/folder2"}
{"level":"info","message":"/home/nestor/Imágenes/folder1/folder2/aurora.jpg"}
{"level":"info","message":"aurora.jpg is file."}
{"level":"info","message":"/home/nestor/Imágenes/folder1/folder2/balloon.jpg"}
{"level":"info","message":"balloon.jpg is file."}
{"level":"info","message":"/home/nestor/Imágenes/folder1/folder2/bridge.jpg"}
{"level":"info","message":"bridge.jpg is file."}
{"level":"info","message":"/home/nestor/Imágenes/folder1/folder2/canyon.jpg"}
{"level":"info","message":"canyon.jpg is file."}
{"level":"info","message":"/home/nestor/Imágenes/folder1/folder2/cliff.jpg"}
{"level":"info","message":"cliff.jpg is file."}
{"level":"info","message":"/home/nestor/Imágenes/folder1/folder2/clouds.jpg"}
{"level":"info","message":"clouds.jpg is file."}
{"level":"info","message":"/home/nestor/Imágenes/folder1/folder2/fisherman.jpg"}
{"level":"info","message":"fisherman.jpg is file."}
{"level":"info","message":"/home/nestor/Imágenes/folder1/folder2/fjord.jpg"}
{"level":"info","message":"fjord.jpg is file."}
{"level":"info","message":"/home/nestor/Imágenes/folder1/folder2/islands.jpg"}
{"level":"info","message":"islands.jpg is file."}
{"level":"info","message":"/home/nestor/Imágenes/folder1/folder2/lasers.jpg"}
{"level":"info","message":"lasers.jpg is file."}
{"level":"info","message":"Salimos en getFilesInFolder: aurora.jpg,balloon.jpg,bridge.jpg,canyon.jpg,cliff.jpg,clouds.jpg,fisherman.jpg,fjord.jpg,islands.jpg,lasers.jpg"}
{"level":"info","message":"lista de ficheros: aurora.jpg,balloon.jpg,bridge.jpg,canyon.jpg,cliff.jpg,clouds.jpg,fisherman.jpg,fjord.jpg,islands.jpg,lasers.jpg"}
{"level":"info","message":"Entramos en getFilesInFolder"}
{"level":"info","message":"/home/nestor/Imágenes/folder1/folder2"}
{"level":"info","message":"/home/nestor/Imágenes/folder1/folder2/aurora.jpg"}
{"level":"info","message":"aurora.jpg is file."}
{"level":"info","message":"/home/nestor/Imágenes/folder1/folder2/balloon.jpg"}
{"level":"info","message":"balloon.jpg is file."}
{"level":"info","message":"/home/nestor/Imágenes/folder1/folder2/bridge.jpg"}
{"level":"info","message":"bridge.jpg is file."}
{"level":"info","message":"/home/nestor/Imágenes/folder1/folder2/canyon.jpg"}
{"level":"info","message":"canyon.jpg is file."}
{"level":"info","message":"/home/nestor/Imágenes/folder1/folder2/cliff.jpg"}
{"level":"info","message":"cliff.jpg is file."}
{"level":"info","message":"/home/nestor/Imágenes/folder1/folder2/clouds.jpg"}
{"level":"info","message":"clouds.jpg is file."}
{"level":"info","message":"/home/nestor/Imágenes/folder1/folder2/fisherman.jpg"}
{"level":"info","message":"fisherman.jpg is file."}
{"level":"info","message":"/home/nestor/Imágenes/folder1/folder2/fjord.jpg"}
{"level":"info","message":"fjord.jpg is file."}
{"level":"info","message":"/home/nestor/Imágenes/folder1/folder2/islands.jpg"}
{"level":"info","message":"islands.jpg is file."}
{"level":"info","message":"/home/nestor/Imágenes/folder1/folder2/lasers.jpg"}
{"level":"info","message":"lasers.jpg is file."}
{"level":"info","message":"Salimos en getFilesInFolder: aurora.jpg,balloon.jpg,bridge.jpg,canyon.jpg,cliff.jpg,clouds.jpg,fisherman.jpg,fjord.jpg,islands.jpg,lasers.jpg"}
{"level":"info","message":"/home/nestor/Imágenes/folder1/lasers.jpg"}
{"level":"info","message":"lasers.jpg is file."}
{"level":"info","message":"/home/nestor/Imágenes/folder1/license.txt"}
{"level":"info","message":"license.txt is file."}
{"level":"info","message":"/home/nestor/Imágenes/folder1/mountain.jpg"}
{"level":"info","message":"mountain.jpg is file."}
{"level":"info","message":"/home/nestor/Imágenes/folder1/raspberry-pi-logo.png"}
{"level":"info","message":"raspberry-pi-logo.png is file."}
{"level":"info","message":"/home/nestor/Imágenes/folder1/road.jpg"}
{"level":"info","message":"road.jpg is file."}
{"level":"info","message":"/home/nestor/Imágenes/folder1/sand.jpg"}
{"level":"info","message":"sand.jpg is file."}
{"level":"info","message":"/home/nestor/Imágenes/folder1/temple.jpg"}
{"level":"info","message":"temple.jpg is file."}
{"level":"info","message":"/home/nestor/Imágenes/folder1/trees.jpg"}
{"level":"info","message":"trees.jpg is file."}
{"level":"info","message":"/home/nestor/Imágenes/folder1/waterfall.jpg"}
{"level":"info","message":"waterfall.jpg is file."}
{"level":"info","message":"Salimos en getFilesInFolder: RPiSystem.png,lasers.jpg,license.txt,mountain.jpg,raspberry-pi-logo.png,road.jpg,sand.jpg,temple.jpg,trees.jpg,waterfall.jpg"}
{"level":"info","message":"lista de ficheros: RPiSystem.png,lasers.jpg,license.txt,mountain.jpg,raspberry-pi-logo.png,road.jpg,sand.jpg,temple.jpg,trees.jpg,waterfall.jpg"}
{"level":"info","message":"Entramos en getFilesInFolder"}
{"level":"info","message":"/home/nestor/Imágenes/folder1"}
{"level":"info","message":"/home/nestor/Imágenes/folder1/RPiSystem.png"}
{"level":"info","message":"RPiSystem.png is file."}
{"level":"info","message":"/home/nestor/Imágenes/folder1/folder2"}
{"level":"info","message":"folder2 is folder"}
{"level":"info","message":"Entramos en getFilesInFolder"}
{"level":"info","message":"/home/nestor/Imágenes/folder1/folder2"}
{"level":"info","message":"/home/nestor/Imágenes/folder1/folder2/aurora.jpg"}
{"level":"info","message":"aurora.jpg is file."}
{"level":"info","message":"/home/nestor/Imágenes/folder1/folder2/balloon.jpg"}
{"level":"info","message":"balloon.jpg is file."}
{"level":"info","message":"/home/nestor/Imágenes/folder1/folder2/bridge.jpg"}
{"level":"info","message":"bridge.jpg is file."}
{"level":"info","message":"/home/nestor/Imágenes/folder1/folder2/canyon.jpg"}
{"level":"info","message":"canyon.jpg is file."}
{"level":"info","message":"/home/nestor/Imágenes/folder1/folder2/cliff.jpg"}
{"level":"info","message":"cliff.jpg is file."}
{"level":"info","message":"/home/nestor/Imágenes/folder1/folder2/clouds.jpg"}
{"level":"info","message":"clouds.jpg is file."}
{"level":"info","message":"/home/nestor/Imágenes/folder1/folder2/fisherman.jpg"}
{"level":"info","message":"fisherman.jpg is file."}
{"level":"info","message":"/home/nestor/Imágenes/folder1/folder2/fjord.jpg"}
{"level":"info","message":"fjord.jpg is file."}
{"level":"info","message":"/home/nestor/Imágenes/folder1/folder2/islands.jpg"}
{"level":"info","message":"islands.jpg is file."}
{"level":"info","message":"/home/nestor/Imágenes/folder1/folder2/lasers.jpg"}
{"level":"info","message":"lasers.jpg is file."}
{"level":"info","message":"Salimos en getFilesInFolder: aurora.jpg,balloon.jpg,bridge.jpg,canyon.jpg,cliff.jpg,clouds.jpg,fisherman.jpg,fjord.jpg,islands.jpg,lasers.jpg"}
{"level":"info","message":"lista de ficheros: aurora.jpg,balloon.jpg,bridge.jpg,canyon.jpg,cliff.jpg,clouds.jpg,fisherman.jpg,fjord.jpg,islands.jpg,lasers.jpg"}
{"level":"info","message":"Entramos en getFilesInFolder"}
{"level":"info","message":"/home/nestor/Imágenes/folder1/folder2"}
{"level":"info","message":"/home/nestor/Imágenes/folder1/folder2/aurora.jpg"}
{"level":"info","message":"aurora.jpg is file."}
{"level":"info","message":"/home/nestor/Imágenes/folder1/folder2/balloon.jpg"}
{"level":"info","message":"balloon.jpg is file."}
{"level":"info","message":"/home/nestor/Imágenes/folder1/folder2/bridge.jpg"}
{"level":"info","message":"bridge.jpg is file."}
{"level":"info","message":"/home/nestor/Imágenes/folder1/folder2/canyon.jpg"}
{"level":"info","message":"canyon.jpg is file."}
{"level":"info","message":"/home/nestor/Imágenes/folder1/folder2/cliff.jpg"}
{"level":"info","message":"cliff.jpg is file."}
{"level":"info","message":"/home/nestor/Imágenes/folder1/folder2/clouds.jpg"}
{"level":"info","message":"clouds.jpg is file."}
{"level":"info","message":"/home/nestor/Imágenes/folder1/folder2/fisherman.jpg"}
{"level":"info","message":"fisherman.jpg is file."}
{"level":"info","message":"/home/nestor/Imágenes/folder1/folder2/fjord.jpg"}
{"level":"info","message":"fjord.jpg is file."}
{"level":"info","message":"/home/nestor/Imágenes/folder1/folder2/islands.jpg"}
{"level":"info","message":"islands.jpg is file."}
{"level":"info","message":"/home/nestor/Imágenes/folder1/folder2/lasers.jpg"}
{"level":"info","message":"lasers.jpg is file."}
{"level":"info","message":"Salimos en getFilesInFolder: aurora.jpg,balloon.jpg,bridge.jpg,canyon.jpg,cliff.jpg,clouds.jpg,fisherman.jpg,fjord.jpg,islands.jpg,lasers.jpg"}
{"level":"info","message":"/home/nestor/Imágenes/folder1/lasers.jpg"}
{"level":"info","message":"lasers.jpg is file."}
{"level":"info","message":"/home/nestor/Imágenes/folder1/license.txt"}
{"level":"info","message":"license.txt is file."}
{"level":"info","message":"/home/nestor/Imágenes/folder1/mountain.jpg"}
{"level":"info","message":"mountain.jpg is file."}
{"level":"info","message":"/home/nestor/Imágenes/folder1/raspberry-pi-logo.png"}
{"level":"info","message":"raspberry-pi-logo.png is file."}
{"level":"info","message":"/home/nestor/Imágenes/folder1/road.jpg"}
{"level":"info","message":"road.jpg is file."}
{"level":"info","message":"/home/nestor/Imágenes/folder1/sand.jpg"}
{"level":"info","message":"sand.jpg is file."}
{"level":"info","message":"/home/nestor/Imágenes/folder1/temple.jpg"}
{"level":"info","message":"temple.jpg is file."}
{"level":"info","message":"/home/nestor/Imágenes/folder1/trees.jpg"}
{"level":"info","message":"trees.jpg is file."}
{"level":"info","message":"/home/nestor/Imágenes/folder1/waterfall.jpg"}
{"level":"info","message":"waterfall.jpg is file."}
{"level":"info","message":"Salimos en getFilesInFolder: RPiSystem.png,lasers.jpg,license.txt,mountain.jpg,raspberry-pi-logo.png,road.jpg,sand.jpg,temple.jpg,trees.jpg,waterfall.jpg"}
{"level":"info","message":"Salimos en getFilesInFolder: "}
{"level":"info","message":"Entramos en getFilesInFolder /home/nestor/Imágenes"}
{"level":"info","message":"/home/nestor/Imágenes/folder1 is folder"}
{"level":"info","message":"Entramos en getFilesInFolder /home/nestor/Imágenes/folder1"}
{"level":"info","message":"/home/nestor/Imágenes/folder1/RPiSystem.png is file."}
{"level":"info","message":"/home/nestor/Imágenes/folder1/folder2 is folder"}
{"level":"info","message":"Entramos en getFilesInFolder /home/nestor/Imágenes/folder1/folder2"}
{"level":"info","message":"/home/nestor/Imágenes/folder1/folder2/aurora.jpg is file."}
{"level":"info","message":"/home/nestor/Imágenes/folder1/folder2/balloon.jpg is file."}
{"level":"info","message":"/home/nestor/Imágenes/folder1/folder2/bridge.jpg is file."}
{"level":"info","message":"/home/nestor/Imágenes/folder1/folder2/canyon.jpg is file."}
{"level":"info","message":"/home/nestor/Imágenes/folder1/folder2/cliff.jpg is file."}
{"level":"info","message":"/home/nestor/Imágenes/folder1/folder2/clouds.jpg is file."}
{"level":"info","message":"/home/nestor/Imágenes/folder1/folder2/fisherman.jpg is file."}
{"level":"info","message":"/home/nestor/Imágenes/folder1/folder2/fjord.jpg is file."}
{"level":"info","message":"/home/nestor/Imágenes/folder1/folder2/islands.jpg is file."}
{"level":"info","message":"/home/nestor/Imágenes/folder1/folder2/lasers.jpg is file."}
{"level":"info","message":"Salimos en getFilesInFolder: aurora.jpg,balloon.jpg,bridge.jpg,canyon.jpg,cliff.jpg,clouds.jpg,fisherman.jpg,fjord.jpg,islands.jpg,lasers.jpg"}
{"level":"info","message":"lista de ficheros: aurora.jpg,balloon.jpg,bridge.jpg,canyon.jpg,cliff.jpg,clouds.jpg,fisherman.jpg,fjord.jpg,islands.jpg,lasers.jpg"}
{"level":"info","message":"Entramos en getFilesInFolder /home/nestor/Imágenes/folder1/folder2"}
{"level":"info","message":"/home/nestor/Imágenes/folder1/folder2/aurora.jpg is file."}
{"level":"info","message":"/home/nestor/Imágenes/folder1/folder2/balloon.jpg is file."}
{"level":"info","message":"/home/nestor/Imágenes/folder1/folder2/bridge.jpg is file."}
{"level":"info","message":"/home/nestor/Imágenes/folder1/folder2/canyon.jpg is file."}
{"level":"info","message":"/home/nestor/Imágenes/folder1/folder2/cliff.jpg is file."}
{"level":"info","message":"/home/nestor/Imágenes/folder1/folder2/clouds.jpg is file."}
{"level":"info","message":"/home/nestor/Imágenes/folder1/folder2/fisherman.jpg is file."}
{"level":"info","message":"/home/nestor/Imágenes/folder1/folder2/fjord.jpg is file."}
{"level":"info","message":"/home/nestor/Imágenes/folder1/folder2/islands.jpg is file."}
{"level":"info","message":"/home/nestor/Imágenes/folder1/folder2/lasers.jpg is file."}
{"level":"info","message":"Salimos en getFilesInFolder: aurora.jpg,balloon.jpg,bridge.jpg,canyon.jpg,cliff.jpg,clouds.jpg,fisherman.jpg,fjord.jpg,islands.jpg,lasers.jpg"}
{"level":"info","message":"/home/nestor/Imágenes/folder1/lasers.jpg is file."}
{"level":"info","message":"/home/nestor/Imágenes/folder1/license.txt is file."}
{"level":"info","message":"/home/nestor/Imágenes/folder1/mountain.jpg is file."}
{"level":"info","message":"/home/nestor/Imágenes/folder1/raspberry-pi-logo.png is file."}
{"level":"info","message":"/home/nestor/Imágenes/folder1/road.jpg is file."}
{"level":"info","message":"/home/nestor/Imágenes/folder1/sand.jpg is file."}
{"level":"info","message":"/home/nestor/Imágenes/folder1/temple.jpg is file."}
{"level":"info","message":"/home/nestor/Imágenes/folder1/trees.jpg is file."}
{"level":"info","message":"/home/nestor/Imágenes/folder1/waterfall.jpg is file."}
{"level":"info","message":"Salimos en getFilesInFolder: RPiSystem.png,lasers.jpg,license.txt,mountain.jpg,raspberry-pi-logo.png,road.jpg,sand.jpg,temple.jpg,trees.jpg,waterfall.jpg"}
{"level":"info","message":"lista de ficheros: RPiSystem.png,lasers.jpg,license.txt,mountain.jpg,raspberry-pi-logo.png,road.jpg,sand.jpg,temple.jpg,trees.jpg,waterfall.jpg"}
{"level":"info","message":"Entramos en getFilesInFolder /home/nestor/Imágenes/folder1"}
{"level":"info","message":"/home/nestor/Imágenes/folder1/RPiSystem.png is file."}
{"level":"info","message":"/home/nestor/Imágenes/folder1/folder2 is folder"}
{"level":"info","message":"Entramos en getFilesInFolder /home/nestor/Imágenes/folder1/folder2"}
{"level":"info","message":"/home/nestor/Imágenes/folder1/folder2/aurora.jpg is file."}
{"level":"info","message":"/home/nestor/Imágenes/folder1/folder2/balloon.jpg is file."}
{"level":"info","message":"/home/nestor/Imágenes/folder1/folder2/bridge.jpg is file."}
{"level":"info","message":"/home/nestor/Imágenes/folder1/folder2/canyon.jpg is file."}
{"level":"info","message":"/home/nestor/Imágenes/folder1/folder2/cliff.jpg is file."}
{"level":"info","message":"/home/nestor/Imágenes/folder1/folder2/clouds.jpg is file."}
{"level":"info","message":"/home/nestor/Imágenes/folder1/folder2/fisherman.jpg is file."}
{"level":"info","message":"/home/nestor/Imágenes/folder1/folder2/fjord.jpg is file."}
{"level":"info","message":"/home/nestor/Imágenes/folder1/folder2/islands.jpg is file."}
{"level":"info","message":"/home/nestor/Imágenes/folder1/folder2/lasers.jpg is file."}
{"level":"info","message":"Salimos en getFilesInFolder: aurora.jpg,balloon.jpg,bridge.jpg,canyon.jpg,cliff.jpg,clouds.jpg,fisherman.jpg,fjord.jpg,islands.jpg,lasers.jpg"}
{"level":"info","message":"lista de ficheros: aurora.jpg,balloon.jpg,bridge.jpg,canyon.jpg,cliff.jpg,clouds.jpg,fisherman.jpg,fjord.jpg,islands.jpg,lasers.jpg"}
{"level":"info","message":"Entramos en getFilesInFolder /home/nestor/Imágenes/folder1/folder2"}
{"level":"info","message":"/home/nestor/Imágenes/folder1/folder2/aurora.jpg is file."}
{"level":"info","message":"/home/nestor/Imágenes/folder1/folder2/balloon.jpg is file."}
{"level":"info","message":"/home/nestor/Imágenes/folder1/folder2/bridge.jpg is file."}
{"level":"info","message":"/home/nestor/Imágenes/folder1/folder2/canyon.jpg is file."}
{"level":"info","message":"/home/nestor/Imágenes/folder1/folder2/cliff.jpg is file."}
{"level":"info","message":"/home/nestor/Imágenes/folder1/folder2/clouds.jpg is file."}
{"level":"info","message":"/home/nestor/Imágenes/folder1/folder2/fisherman.jpg is file."}
{"level":"info","message":"/home/nestor/Imágenes/folder1/folder2/fjord.jpg is file."}
{"level":"info","message":"/home/nestor/Imágenes/folder1/folder2/islands.jpg is file."}
{"level":"info","message":"/home/nestor/Imágenes/folder1/folder2/lasers.jpg is file."}
{"level":"info","message":"Salimos en getFilesInFolder: aurora.jpg,balloon.jpg,bridge.jpg,canyon.jpg,cliff.jpg,clouds.jpg,fisherman.jpg,fjord.jpg,islands.jpg,lasers.jpg"}
{"level":"info","message":"/home/nestor/Imágenes/folder1/lasers.jpg is file."}
{"level":"info","message":"/home/nestor/Imágenes/folder1/license.txt is file."}
{"level":"info","message":"/home/nestor/Imágenes/folder1/mountain.jpg is file."}
{"level":"info","message":"/home/nestor/Imágenes/folder1/raspberry-pi-logo.png is file."}
{"level":"info","message":"/home/nestor/Imágenes/folder1/road.jpg is file."}
{"level":"info","message":"/home/nestor/Imágenes/folder1/sand.jpg is file."}
{"level":"info","message":"/home/nestor/Imágenes/folder1/temple.jpg is file."}
{"level":"info","message":"/home/nestor/Imágenes/folder1/trees.jpg is file."}
{"level":"info","message":"/home/nestor/Imágenes/folder1/waterfall.jpg is file."}
{"level":"info","message":"Salimos en getFilesInFolder: RPiSystem.png,lasers.jpg,license.txt,mountain.jpg,raspberry-pi-logo.png,road.jpg,sand.jpg,temple.jpg,trees.jpg,waterfall.jpg"}
{"level":"info","message":"Salimos en getFilesInFolder: "}
{"level":"info","message":"Entramos en getFilesInFolder /home/nestor/Imágenes level: NaN"}
{"level":"info","message":"/home/nestor/Imágenes/folder1 is folder"}
{"level":"info","message":"Entramos en getFilesInFolder /home/nestor/Imágenes/folder1 level: NaN"}
{"level":"info","message":"/home/nestor/Imágenes/folder1/RPiSystem.png is file."}
{"level":"info","message":"/home/nestor/Imágenes/folder1/folder2 is folder"}
{"level":"info","message":"Entramos en getFilesInFolder /home/nestor/Imágenes/folder1/folder2 level: NaN"}
{"level":"info","message":"/home/nestor/Imágenes/folder1/folder2/aurora.jpg is file."}
{"level":"info","message":"/home/nestor/Imágenes/folder1/folder2/balloon.jpg is file."}
{"level":"info","message":"/home/nestor/Imágenes/folder1/folder2/bridge.jpg is file."}
{"level":"info","message":"/home/nestor/Imágenes/folder1/folder2/canyon.jpg is file."}
{"level":"info","message":"/home/nestor/Imágenes/folder1/folder2/cliff.jpg is file."}
{"level":"info","message":"/home/nestor/Imágenes/folder1/folder2/clouds.jpg is file."}
{"level":"info","message":"/home/nestor/Imágenes/folder1/folder2/fisherman.jpg is file."}
{"level":"info","message":"/home/nestor/Imágenes/folder1/folder2/fjord.jpg is file."}
{"level":"info","message":"/home/nestor/Imágenes/folder1/folder2/islands.jpg is file."}
{"level":"info","message":"/home/nestor/Imágenes/folder1/folder2/lasers.jpg is file."}
{"level":"info","message":"Salimos en getFilesInFolder: aurora.jpg,balloon.jpg,bridge.jpg,canyon.jpg,cliff.jpg,clouds.jpg,fisherman.jpg,fjord.jpg,islands.jpg,lasers.jpg"}
{"level":"info","message":"lista de ficheros: aurora.jpg,balloon.jpg,bridge.jpg,canyon.jpg,cliff.jpg,clouds.jpg,fisherman.jpg,fjord.jpg,islands.jpg,lasers.jpg"}
{"level":"info","message":"/home/nestor/Imágenes/folder1/lasers.jpg is file."}
{"level":"info","message":"/home/nestor/Imágenes/folder1/license.txt is file."}
{"level":"info","message":"/home/nestor/Imágenes/folder1/mountain.jpg is file."}
{"level":"info","message":"/home/nestor/Imágenes/folder1/raspberry-pi-logo.png is file."}
{"level":"info","message":"/home/nestor/Imágenes/folder1/road.jpg is file."}
{"level":"info","message":"/home/nestor/Imágenes/folder1/sand.jpg is file."}
{"level":"info","message":"/home/nestor/Imágenes/folder1/temple.jpg is file."}
{"level":"info","message":"/home/nestor/Imágenes/folder1/trees.jpg is file."}
{"level":"info","message":"/home/nestor/Imágenes/folder1/waterfall.jpg is file."}
{"level":"info","message":"Salimos en getFilesInFolder: RPiSystem.png,lasers.jpg,license.txt,mountain.jpg,raspberry-pi-logo.png,road.jpg,sand.jpg,temple.jpg,trees.jpg,waterfall.jpg"}
{"level":"info","message":"lista de ficheros: RPiSystem.png,lasers.jpg,license.txt,mountain.jpg,raspberry-pi-logo.png,road.jpg,sand.jpg,temple.jpg,trees.jpg,waterfall.jpg"}
{"level":"info","message":"Salimos en getFilesInFolder: "}
{"level":"info","message":"Entramos en getFilesInFolder /home/nestor/Imágenes level: NaN"}
{"level":"info","message":"/home/nestor/Imágenes/folder1 is folder"}
{"level":"info","message":"Entramos en getFilesInFolder /home/nestor/Imágenes/folder1 level: NaN"}
{"level":"info","message":"/home/nestor/Imágenes/folder1/RPiSystem.png is file."}
{"level":"info","message":"/home/nestor/Imágenes/folder1/folder2 is folder"}
{"level":"info","message":"Entramos en getFilesInFolder /home/nestor/Imágenes/folder1/folder2 level: NaN"}
{"level":"info","message":"/home/nestor/Imágenes/folder1/folder2/aurora.jpg is file."}
{"level":"info","message":"/home/nestor/Imágenes/folder1/folder2/balloon.jpg is file."}
{"level":"info","message":"/home/nestor/Imágenes/folder1/folder2/bridge.jpg is file."}
{"level":"info","message":"/home/nestor/Imágenes/folder1/folder2/canyon.jpg is file."}
{"level":"info","message":"/home/nestor/Imágenes/folder1/folder2/cliff.jpg is file."}
{"level":"info","message":"/home/nestor/Imágenes/folder1/folder2/clouds.jpg is file."}
{"level":"info","message":"/home/nestor/Imágenes/folder1/folder2/fisherman.jpg is file."}
{"level":"info","message":"/home/nestor/Imágenes/folder1/folder2/fjord.jpg is file."}
{"level":"info","message":"/home/nestor/Imágenes/folder1/folder2/islands.jpg is file."}
{"level":"info","message":"/home/nestor/Imágenes/folder1/folder2/lasers.jpg is file."}
{"level":"info","message":"Salimos en getFilesInFolder: aurora.jpg,balloon.jpg,bridge.jpg,canyon.jpg,cliff.jpg,clouds.jpg,fisherman.jpg,fjord.jpg,islands.jpg,lasers.jpg"}
{"level":"info","message":"lista de ficheros: aurora.jpg,balloon.jpg,bridge.jpg,canyon.jpg,cliff.jpg,clouds.jpg,fisherman.jpg,fjord.jpg,islands.jpg,lasers.jpg"}
{"level":"info","message":"/home/nestor/Imágenes/folder1/lasers.jpg is file."}
{"level":"info","message":"/home/nestor/Imágenes/folder1/license.txt is file."}
{"level":"info","message":"/home/nestor/Imágenes/folder1/mountain.jpg is file."}
{"level":"info","message":"/home/nestor/Imágenes/folder1/raspberry-pi-logo.png is file."}
{"level":"info","message":"/home/nestor/Imágenes/folder1/road.jpg is file."}
{"level":"info","message":"/home/nestor/Imágenes/folder1/sand.jpg is file."}
{"level":"info","message":"/home/nestor/Imágenes/folder1/temple.jpg is file."}
{"level":"info","message":"/home/nestor/Imágenes/folder1/trees.jpg is file."}
{"level":"info","message":"/home/nestor/Imágenes/folder1/waterfall.jpg is file."}
{"level":"info","message":"Salimos en getFilesInFolder: RPiSystem.png,lasers.jpg,license.txt,mountain.jpg,raspberry-pi-logo.png,road.jpg,sand.jpg,temple.jpg,trees.jpg,waterfall.jpg"}
{"level":"info","message":"lista de ficheros: RPiSystem.png,lasers.jpg,license.txt,mountain.jpg,raspberry-pi-logo.png,road.jpg,sand.jpg,temple.jpg,trees.jpg,waterfall.jpg"}
{"level":"info","message":"Salimos en getFilesInFolder: "}
{"level":"info","message":"Entramos en getFilesInFolder /home/nestor/Imágenes level: 1"}
{"level":"info","message":"/home/nestor/Imágenes/folder1 is folder"}
{"level":"info","message":"Entramos en getFilesInFolder /home/nestor/Imágenes/folder1 level: NaN"}
{"level":"info","message":"/home/nestor/Imágenes/folder1/RPiSystem.png is file."}
{"level":"info","message":"/home/nestor/Imágenes/folder1/folder2 is folder"}
{"level":"info","message":"Entramos en getFilesInFolder /home/nestor/Imágenes/folder1/folder2 level: NaN"}
{"level":"info","message":"/home/nestor/Imágenes/folder1/folder2/aurora.jpg is file."}
{"level":"info","message":"/home/nestor/Imágenes/folder1/folder2/balloon.jpg is file."}
{"level":"info","message":"/home/nestor/Imágenes/folder1/folder2/bridge.jpg is file."}
{"level":"info","message":"/home/nestor/Imágenes/folder1/folder2/canyon.jpg is file."}
{"level":"info","message":"/home/nestor/Imágenes/folder1/folder2/cliff.jpg is file."}
{"level":"info","message":"/home/nestor/Imágenes/folder1/folder2/clouds.jpg is file."}
{"level":"info","message":"/home/nestor/Imágenes/folder1/folder2/fisherman.jpg is file."}
{"level":"info","message":"/home/nestor/Imágenes/folder1/folder2/fjord.jpg is file."}
{"level":"info","message":"/home/nestor/Imágenes/folder1/folder2/islands.jpg is file."}
{"level":"info","message":"/home/nestor/Imágenes/folder1/folder2/lasers.jpg is file."}
{"level":"info","message":"Salimos en getFilesInFolder: aurora.jpg,balloon.jpg,bridge.jpg,canyon.jpg,cliff.jpg,clouds.jpg,fisherman.jpg,fjord.jpg,islands.jpg,lasers.jpg"}
{"level":"info","message":"lista de ficheros: aurora.jpg,balloon.jpg,bridge.jpg,canyon.jpg,cliff.jpg,clouds.jpg,fisherman.jpg,fjord.jpg,islands.jpg,lasers.jpg"}
{"level":"info","message":"/home/nestor/Imágenes/folder1/lasers.jpg is file."}
{"level":"info","message":"/home/nestor/Imágenes/folder1/license.txt is file."}
{"level":"info","message":"/home/nestor/Imágenes/folder1/mountain.jpg is file."}
{"level":"info","message":"/home/nestor/Imágenes/folder1/raspberry-pi-logo.png is file."}
{"level":"info","message":"/home/nestor/Imágenes/folder1/road.jpg is file."}
{"level":"info","message":"/home/nestor/Imágenes/folder1/sand.jpg is file."}
{"level":"info","message":"/home/nestor/Imágenes/folder1/temple.jpg is file."}
{"level":"info","message":"/home/nestor/Imágenes/folder1/trees.jpg is file."}
{"level":"info","message":"/home/nestor/Imágenes/folder1/waterfall.jpg is file."}
{"level":"info","message":"Salimos en getFilesInFolder: RPiSystem.png,lasers.jpg,license.txt,mountain.jpg,raspberry-pi-logo.png,road.jpg,sand.jpg,temple.jpg,trees.jpg,waterfall.jpg"}
{"level":"info","message":"lista de ficheros: RPiSystem.png,lasers.jpg,license.txt,mountain.jpg,raspberry-pi-logo.png,road.jpg,sand.jpg,temple.jpg,trees.jpg,waterfall.jpg"}
{"level":"info","message":"Salimos en getFilesInFolder: "}
{"level":"info","message":"Entramos en getFilesInFolder /home/nestor/Imágenes level: 1"}
{"level":"info","message":"/home/nestor/Imágenes/folder1 is folder"}
{"level":"info","message":"Entramos en getFilesInFolder /home/nestor/Imágenes/folder1 level: NaN"}
{"level":"info","message":"/home/nestor/Imágenes/folder1/RPiSystem.png is file."}
{"level":"info","message":"/home/nestor/Imágenes/folder1/folder2 is folder"}
{"level":"info","message":"Entramos en getFilesInFolder /home/nestor/Imágenes/folder1/folder2 level: NaN"}
{"level":"info","message":"/home/nestor/Imágenes/folder1/folder2/aurora.jpg is file."}
{"level":"info","message":"/home/nestor/Imágenes/folder1/folder2/balloon.jpg is file."}
{"level":"info","message":"/home/nestor/Imágenes/folder1/folder2/bridge.jpg is file."}
{"level":"info","message":"/home/nestor/Imágenes/folder1/folder2/canyon.jpg is file."}
{"level":"info","message":"/home/nestor/Imágenes/folder1/folder2/cliff.jpg is file."}
{"level":"info","message":"/home/nestor/Imágenes/folder1/folder2/clouds.jpg is file."}
{"level":"info","message":"/home/nestor/Imágenes/folder1/folder2/fisherman.jpg is file."}
{"level":"info","message":"/home/nestor/Imágenes/folder1/folder2/fjord.jpg is file."}
{"level":"info","message":"/home/nestor/Imágenes/folder1/folder2/islands.jpg is file."}
{"level":"info","message":"/home/nestor/Imágenes/folder1/folder2/lasers.jpg is file."}
{"level":"info","message":"Salimos en getFilesInFolder: aurora.jpg,balloon.jpg,bridge.jpg,canyon.jpg,cliff.jpg,clouds.jpg,fisherman.jpg,fjord.jpg,islands.jpg,lasers.jpg"}
{"level":"info","message":"lista de ficheros: aurora.jpg,balloon.jpg,bridge.jpg,canyon.jpg,cliff.jpg,clouds.jpg,fisherman.jpg,fjord.jpg,islands.jpg,lasers.jpg"}
{"level":"info","message":"/home/nestor/Imágenes/folder1/lasers.jpg is file."}
{"level":"info","message":"/home/nestor/Imágenes/folder1/license.txt is file."}
{"level":"info","message":"/home/nestor/Imágenes/folder1/mountain.jpg is file."}
{"level":"info","message":"/home/nestor/Imágenes/folder1/raspberry-pi-logo.png is file."}
{"level":"info","message":"/home/nestor/Imágenes/folder1/road.jpg is file."}
{"level":"info","message":"/home/nestor/Imágenes/folder1/sand.jpg is file."}
{"level":"info","message":"/home/nestor/Imágenes/folder1/temple.jpg is file."}
{"level":"info","message":"/home/nestor/Imágenes/folder1/trees.jpg is file."}
{"level":"info","message":"/home/nestor/Imágenes/folder1/waterfall.jpg is file."}
{"level":"info","message":"Salimos en getFilesInFolder: RPiSystem.png,lasers.jpg,license.txt,mountain.jpg,raspberry-pi-logo.png,road.jpg,sand.jpg,temple.jpg,trees.jpg,waterfall.jpg"}
{"level":"info","message":"lista de ficheros: RPiSystem.png,lasers.jpg,license.txt,mountain.jpg,raspberry-pi-logo.png,road.jpg,sand.jpg,temple.jpg,trees.jpg,waterfall.jpg"}
{"level":"info","message":"Salimos en getFilesInFolder: "}
{"level":"info","message":"Entramos en getFilesInFolder /home/nestor/Imágenes level: 1"}
{"level":"info","message":"/home/nestor/Imágenes/folder1 is folder"}
{"level":"info","message":"Entramos en getFilesInFolder /home/nestor/Imágenes/folder1 level: NaN"}
{"level":"info","message":"/home/nestor/Imágenes/folder1/RPiSystem.png is file."}
{"level":"info","message":"/home/nestor/Imágenes/folder1/folder2 is folder"}
{"level":"info","message":"Entramos en getFilesInFolder /home/nestor/Imágenes/folder1/folder2 level: NaN"}
{"level":"info","message":"/home/nestor/Imágenes/folder1/folder2/aurora.jpg is file."}
{"level":"info","message":"/home/nestor/Imágenes/folder1/folder2/balloon.jpg is file."}
{"level":"info","message":"/home/nestor/Imágenes/folder1/folder2/bridge.jpg is file."}
{"level":"info","message":"/home/nestor/Imágenes/folder1/folder2/canyon.jpg is file."}
{"level":"info","message":"/home/nestor/Imágenes/folder1/folder2/cliff.jpg is file."}
{"level":"info","message":"/home/nestor/Imágenes/folder1/folder2/clouds.jpg is file."}
{"level":"info","message":"/home/nestor/Imágenes/folder1/folder2/fisherman.jpg is file."}
{"level":"info","message":"/home/nestor/Imágenes/folder1/folder2/fjord.jpg is file."}
{"level":"info","message":"/home/nestor/Imágenes/folder1/folder2/islands.jpg is file."}
{"level":"info","message":"/home/nestor/Imágenes/folder1/folder2/lasers.jpg is file."}
{"level":"info","message":"Salimos en getFilesInFolder: aurora.jpg,balloon.jpg,bridge.jpg,canyon.jpg,cliff.jpg,clouds.jpg,fisherman.jpg,fjord.jpg,islands.jpg,lasers.jpg"}
{"level":"info","message":"lista de ficheros: aurora.jpg,balloon.jpg,bridge.jpg,canyon.jpg,cliff.jpg,clouds.jpg,fisherman.jpg,fjord.jpg,islands.jpg,lasers.jpg"}
{"level":"info","message":"/home/nestor/Imágenes/folder1/lasers.jpg is file."}
{"level":"info","message":"/home/nestor/Imágenes/folder1/license.txt is file."}
{"level":"info","message":"/home/nestor/Imágenes/folder1/mountain.jpg is file."}
{"level":"info","message":"/home/nestor/Imágenes/folder1/raspberry-pi-logo.png is file."}
{"level":"info","message":"/home/nestor/Imágenes/folder1/road.jpg is file."}
{"level":"info","message":"/home/nestor/Imágenes/folder1/sand.jpg is file."}
{"level":"info","message":"/home/nestor/Imágenes/folder1/temple.jpg is file."}
{"level":"info","message":"/home/nestor/Imágenes/folder1/trees.jpg is file."}
{"level":"info","message":"/home/nestor/Imágenes/folder1/waterfall.jpg is file."}
{"level":"info","message":"Salimos en getFilesInFolder: RPiSystem.png,lasers.jpg,license.txt,mountain.jpg,raspberry-pi-logo.png,road.jpg,sand.jpg,temple.jpg,trees.jpg,waterfall.jpg"}
{"level":"info","message":"lista de ficheros: RPiSystem.png,lasers.jpg,license.txt,mountain.jpg,raspberry-pi-logo.png,road.jpg,sand.jpg,temple.jpg,trees.jpg,waterfall.jpg"}
{"level":"info","message":"Salimos en getFilesInFolder: "}
{"level":"info","message":"Entramos en getFilesInFolder /home/nestor/Imágenes level: 1"}
{"level":"info","message":"/home/nestor/Imágenes/folder1 is folder"}
{"level":"info","message":"Entramos en getFilesInFolder /home/nestor/Imágenes/folder1 level: 2"}
{"level":"info","message":"/home/nestor/Imágenes/folder1/RPiSystem.png is file."}
{"level":"info","message":"/home/nestor/Imágenes/folder1/folder2 is folder"}
{"level":"info","message":"Entramos en getFilesInFolder /home/nestor/Imágenes/folder1/folder2 level: 3"}
{"level":"info","message":"/home/nestor/Imágenes/folder1/folder2/aurora.jpg is file."}
{"level":"info","message":"/home/nestor/Imágenes/folder1/folder2/balloon.jpg is file."}
{"level":"info","message":"/home/nestor/Imágenes/folder1/folder2/bridge.jpg is file."}
{"level":"info","message":"/home/nestor/Imágenes/folder1/folder2/canyon.jpg is file."}
{"level":"info","message":"/home/nestor/Imágenes/folder1/folder2/cliff.jpg is file."}
{"level":"info","message":"/home/nestor/Imágenes/folder1/folder2/clouds.jpg is file."}
{"level":"info","message":"/home/nestor/Imágenes/folder1/folder2/fisherman.jpg is file."}
{"level":"info","message":"/home/nestor/Imágenes/folder1/folder2/fjord.jpg is file."}
{"level":"info","message":"/home/nestor/Imágenes/folder1/folder2/islands.jpg is file."}
{"level":"info","message":"/home/nestor/Imágenes/folder1/folder2/lasers.jpg is file."}
{"level":"info","message":"Salimos en getFilesInFolder: aurora.jpg,balloon.jpg,bridge.jpg,canyon.jpg,cliff.jpg,clouds.jpg,fisherman.jpg,fjord.jpg,islands.jpg,lasers.jpg"}
{"level":"info","message":"lista de ficheros: aurora.jpg,balloon.jpg,bridge.jpg,canyon.jpg,cliff.jpg,clouds.jpg,fisherman.jpg,fjord.jpg,islands.jpg,lasers.jpg"}
{"level":"info","message":"/home/nestor/Imágenes/folder1/lasers.jpg is file."}
{"level":"info","message":"/home/nestor/Imágenes/folder1/license.txt is file."}
{"level":"info","message":"/home/nestor/Imágenes/folder1/mountain.jpg is file."}
{"level":"info","message":"/home/nestor/Imágenes/folder1/raspberry-pi-logo.png is file."}
{"level":"info","message":"/home/nestor/Imágenes/folder1/road.jpg is file."}
{"level":"info","message":"/home/nestor/Imágenes/folder1/sand.jpg is file."}
{"level":"info","message":"/home/nestor/Imágenes/folder1/temple.jpg is file."}
{"level":"info","message":"/home/nestor/Imágenes/folder1/trees.jpg is file."}
{"level":"info","message":"/home/nestor/Imágenes/folder1/waterfall.jpg is file."}
{"level":"info","message":"Salimos en getFilesInFolder: RPiSystem.png,lasers.jpg,license.txt,mountain.jpg,raspberry-pi-logo.png,road.jpg,sand.jpg,temple.jpg,trees.jpg,waterfall.jpg"}
{"level":"info","message":"lista de ficheros: RPiSystem.png,lasers.jpg,license.txt,mountain.jpg,raspberry-pi-logo.png,road.jpg,sand.jpg,temple.jpg,trees.jpg,waterfall.jpg"}
{"level":"info","message":"Salimos en getFilesInFolder: "}
{"level":"info","message":"Entramos en getFilesInFolder /home/nestor/Imágenes level: 1"}
{"level":"info","message":"/home/nestor/Imágenes/folder1 is folder"}
{"level":"info","message":"Entramos en getFilesInFolder /home/nestor/Imágenes/folder1 level: 2"}
{"level":"info","message":"/home/nestor/Imágenes/folder1/RPiSystem.png is file."}
{"level":"info","message":"/home/nestor/Imágenes/folder1/folder2 is folder"}
{"level":"info","message":"Entramos en getFilesInFolder /home/nestor/Imágenes/folder1/folder2 level: 3"}
{"level":"info","message":"/home/nestor/Imágenes/folder1/folder2/aurora.jpg is file."}
{"level":"info","message":"/home/nestor/Imágenes/folder1/folder2/balloon.jpg is file."}
{"level":"info","message":"/home/nestor/Imágenes/folder1/folder2/bridge.jpg is file."}
{"level":"info","message":"/home/nestor/Imágenes/folder1/folder2/canyon.jpg is file."}
{"level":"info","message":"/home/nestor/Imágenes/folder1/folder2/cliff.jpg is file."}
{"level":"info","message":"/home/nestor/Imágenes/folder1/folder2/clouds.jpg is file."}
{"level":"info","message":"/home/nestor/Imágenes/folder1/folder2/fisherman.jpg is file."}
{"level":"info","message":"/home/nestor/Imágenes/folder1/folder2/fjord.jpg is file."}
{"level":"info","message":"/home/nestor/Imágenes/folder1/folder2/islands.jpg is file."}
{"level":"info","message":"/home/nestor/Imágenes/folder1/folder2/lasers.jpg is file."}
{"level":"info","message":"Salimos en getFilesInFolder: aurora.jpg,balloon.jpg,bridge.jpg,canyon.jpg,cliff.jpg,clouds.jpg,fisherman.jpg,fjord.jpg,islands.jpg,lasers.jpg"}
{"level":"info","message":"lista de ficheros: aurora.jpg,balloon.jpg,bridge.jpg,canyon.jpg,cliff.jpg,clouds.jpg,fisherman.jpg,fjord.jpg,islands.jpg,lasers.jpg"}
{"level":"info","message":"/home/nestor/Imágenes/folder1/lasers.jpg is file."}
{"level":"info","message":"/home/nestor/Imágenes/folder1/license.txt is file."}
{"level":"info","message":"/home/nestor/Imágenes/folder1/mountain.jpg is file."}
{"level":"info","message":"/home/nestor/Imágenes/folder1/raspberry-pi-logo.png is file."}
{"level":"info","message":"/home/nestor/Imágenes/folder1/road.jpg is file."}
{"level":"info","message":"/home/nestor/Imágenes/folder1/sand.jpg is file."}
{"level":"info","message":"/home/nestor/Imágenes/folder1/temple.jpg is file."}
{"level":"info","message":"/home/nestor/Imágenes/folder1/trees.jpg is file."}
{"level":"info","message":"/home/nestor/Imágenes/folder1/waterfall.jpg is file."}
{"level":"info","message":"Salimos en getFilesInFolder: RPiSystem.png,lasers.jpg,license.txt,mountain.jpg,raspberry-pi-logo.png,road.jpg,sand.jpg,temple.jpg,trees.jpg,waterfall.jpg"}
{"level":"info","message":"lista de ficheros: RPiSystem.png,lasers.jpg,license.txt,mountain.jpg,raspberry-pi-logo.png,road.jpg,sand.jpg,temple.jpg,trees.jpg,waterfall.jpg"}
{"level":"info","message":"Salimos en getFilesInFolder: "}
{"level":"info","message":"Entramos en getFilesInFolder /home/nestor/Imágenes level: 1"}
{"level":"info","message":"/home/nestor/Imágenes/folder1 is folder"}
{"level":"info","message":"Entramos en getFilesInFolder /home/nestor/Imágenes/folder1 level: 2"}
{"level":"info","message":"/home/nestor/Imágenes/folder1/RPiSystem.png is file."}
{"level":"info","message":"/home/nestor/Imágenes/folder1/folder2 is folder"}
{"level":"info","message":"Entramos en getFilesInFolder /home/nestor/Imágenes/folder1/folder2 level: 3"}
{"level":"info","message":"/home/nestor/Imágenes/folder1/folder2/aurora.jpg is file."}
{"level":"info","message":"/home/nestor/Imágenes/folder1/folder2/balloon.jpg is file."}
{"level":"info","message":"/home/nestor/Imágenes/folder1/folder2/bridge.jpg is file."}
{"level":"info","message":"/home/nestor/Imágenes/folder1/folder2/canyon.jpg is file."}
{"level":"info","message":"/home/nestor/Imágenes/folder1/folder2/cliff.jpg is file."}
{"level":"info","message":"/home/nestor/Imágenes/folder1/folder2/clouds.jpg is file."}
{"level":"info","message":"/home/nestor/Imágenes/folder1/folder2/fisherman.jpg is file."}
{"level":"info","message":"/home/nestor/Imágenes/folder1/folder2/fjord.jpg is file."}
{"level":"info","message":"/home/nestor/Imágenes/folder1/folder2/islands.jpg is file."}
{"level":"info","message":"/home/nestor/Imágenes/folder1/folder2/lasers.jpg is file."}
{"level":"info","message":"Salimos en getFilesInFolder: aurora.jpg,balloon.jpg,bridge.jpg,canyon.jpg,cliff.jpg,clouds.jpg,fisherman.jpg,fjord.jpg,islands.jpg,lasers.jpg"}
{"level":"info","message":"lista de ficheros: aurora.jpg,balloon.jpg,bridge.jpg,canyon.jpg,cliff.jpg,clouds.jpg,fisherman.jpg,fjord.jpg,islands.jpg,lasers.jpg"}
{"level":"info","message":"/home/nestor/Imágenes/folder1/lasers.jpg is file."}
{"level":"info","message":"/home/nestor/Imágenes/folder1/license.txt is file."}
{"level":"info","message":"/home/nestor/Imágenes/folder1/mountain.jpg is file."}
{"level":"info","message":"/home/nestor/Imágenes/folder1/raspberry-pi-logo.png is file."}
{"level":"info","message":"/home/nestor/Imágenes/folder1/road.jpg is file."}
{"level":"info","message":"/home/nestor/Imágenes/folder1/sand.jpg is file."}
{"level":"info","message":"/home/nestor/Imágenes/folder1/temple.jpg is file."}
{"level":"info","message":"/home/nestor/Imágenes/folder1/trees.jpg is file."}
{"level":"info","message":"/home/nestor/Imágenes/folder1/waterfall.jpg is file."}
{"level":"info","message":"Salimos en getFilesInFolder: RPiSystem.png,lasers.jpg,license.txt,mountain.jpg,raspberry-pi-logo.png,road.jpg,sand.jpg,temple.jpg,trees.jpg,waterfall.jpg"}
{"level":"info","message":"lista de ficheros: RPiSystem.png,lasers.jpg,license.txt,mountain.jpg,raspberry-pi-logo.png,road.jpg,sand.jpg,temple.jpg,trees.jpg,waterfall.jpg"}
{"level":"info","message":"Salimos en getFilesInFolder: "}
{"level":"info","message":"Entramos en getFilesInFolder /home/nestor/Imágenes level: 1"}
{"level":"info","message":"/home/nestor/Imágenes/folder1 is folder"}
{"level":"info","message":"Entramos en getFilesInFolder /home/nestor/Imágenes/folder1 level: 2"}
{"level":"info","message":"/home/nestor/Imágenes/folder1/RPiSystem.png is file."}
{"level":"info","message":"/home/nestor/Imágenes/folder1/folder2 is folder"}
{"level":"info","message":"Entramos en getFilesInFolder /home/nestor/Imágenes/folder1/folder2 level: 3"}
{"level":"info","message":"/home/nestor/Imágenes/folder1/folder2/aurora.jpg is file."}
{"level":"info","message":"/home/nestor/Imágenes/folder1/folder2/balloon.jpg is file."}
{"level":"info","message":"/home/nestor/Imágenes/folder1/folder2/bridge.jpg is file."}
{"level":"info","message":"/home/nestor/Imágenes/folder1/folder2/canyon.jpg is file."}
{"level":"info","message":"/home/nestor/Imágenes/folder1/folder2/cliff.jpg is file."}
{"level":"info","message":"/home/nestor/Imágenes/folder1/folder2/clouds.jpg is file."}
{"level":"info","message":"/home/nestor/Imágenes/folder1/folder2/fisherman.jpg is file."}
{"level":"info","message":"/home/nestor/Imágenes/folder1/folder2/fjord.jpg is file."}
{"level":"info","message":"/home/nestor/Imágenes/folder1/folder2/islands.jpg is file."}
{"level":"info","message":"/home/nestor/Imágenes/folder1/folder2/lasers.jpg is file."}
{"level":"info","message":"Salimos en getFilesInFolder 3 : aurora.jpg,balloon.jpg,bridge.jpg,canyon.jpg,cliff.jpg,clouds.jpg,fisherman.jpg,fjord.jpg,islands.jpg,lasers.jpg"}
{"level":"info","message":"lista de ficheros: aurora.jpg,balloon.jpg,bridge.jpg,canyon.jpg,cliff.jpg,clouds.jpg,fisherman.jpg,fjord.jpg,islands.jpg,lasers.jpg"}
{"level":"info","message":"/home/nestor/Imágenes/folder1/lasers.jpg is file."}
{"level":"info","message":"/home/nestor/Imágenes/folder1/license.txt is file."}
{"level":"info","message":"/home/nestor/Imágenes/folder1/mountain.jpg is file."}
{"level":"info","message":"/home/nestor/Imágenes/folder1/raspberry-pi-logo.png is file."}
{"level":"info","message":"/home/nestor/Imágenes/folder1/road.jpg is file."}
{"level":"info","message":"/home/nestor/Imágenes/folder1/sand.jpg is file."}
{"level":"info","message":"/home/nestor/Imágenes/folder1/temple.jpg is file."}
{"level":"info","message":"/home/nestor/Imágenes/folder1/trees.jpg is file."}
{"level":"info","message":"/home/nestor/Imágenes/folder1/waterfall.jpg is file."}
{"level":"info","message":"Salimos en getFilesInFolder 2 : RPiSystem.png,lasers.jpg,license.txt,mountain.jpg,raspberry-pi-logo.png,road.jpg,sand.jpg,temple.jpg,trees.jpg,waterfall.jpg"}
{"level":"info","message":"lista de ficheros: RPiSystem.png,lasers.jpg,license.txt,mountain.jpg,raspberry-pi-logo.png,road.jpg,sand.jpg,temple.jpg,trees.jpg,waterfall.jpg"}
{"level":"info","message":"Salimos en getFilesInFolder 1 : "}
{"level":"info","message":"Entramos en getFilesInFolder /home/nestor/Imágenes level: 1"}
{"level":"info","message":"/home/nestor/Imágenes/folder1 is folder"}
{"level":"info","message":"Entramos en getFilesInFolder /home/nestor/Imágenes/folder1 level: 2"}
{"level":"info","message":"/home/nestor/Imágenes/folder1/RPiSystem.png is file."}
{"level":"info","message":"/home/nestor/Imágenes/folder1/folder2 is folder"}
{"level":"info","message":"Entramos en getFilesInFolder /home/nestor/Imágenes/folder1/folder2 level: 3"}
{"level":"info","message":"/home/nestor/Imágenes/folder1/folder2/aurora.jpg is file."}
{"level":"info","message":"/home/nestor/Imágenes/folder1/folder2/balloon.jpg is file."}
{"level":"info","message":"/home/nestor/Imágenes/folder1/folder2/bridge.jpg is file."}
{"level":"info","message":"/home/nestor/Imágenes/folder1/folder2/canyon.jpg is file."}
{"level":"info","message":"/home/nestor/Imágenes/folder1/folder2/cliff.jpg is file."}
{"level":"info","message":"/home/nestor/Imágenes/folder1/folder2/clouds.jpg is file."}
{"level":"info","message":"/home/nestor/Imágenes/folder1/folder2/fisherman.jpg is file."}
{"level":"info","message":"/home/nestor/Imágenes/folder1/folder2/fjord.jpg is file."}
{"level":"info","message":"/home/nestor/Imágenes/folder1/folder2/islands.jpg is file."}
{"level":"info","message":"/home/nestor/Imágenes/folder1/folder2/lasers.jpg is file."}
{"level":"info","message":"Salimos en getFilesInFolder 3 : aurora.jpg,balloon.jpg,bridge.jpg,canyon.jpg,cliff.jpg,clouds.jpg,fisherman.jpg,fjord.jpg,islands.jpg,lasers.jpg"}
{"level":"info","message":"lista de ficheros: aurora.jpg,balloon.jpg,bridge.jpg,canyon.jpg,cliff.jpg,clouds.jpg,fisherman.jpg,fjord.jpg,islands.jpg,lasers.jpg"}
{"level":"info","message":"/home/nestor/Imágenes/folder1/lasers.jpg is file."}
{"level":"info","message":"/home/nestor/Imágenes/folder1/license.txt is file."}
{"level":"info","message":"/home/nestor/Imágenes/folder1/mountain.jpg is file."}
{"level":"info","message":"/home/nestor/Imágenes/folder1/raspberry-pi-logo.png is file."}
{"level":"info","message":"/home/nestor/Imágenes/folder1/road.jpg is file."}
{"level":"info","message":"/home/nestor/Imágenes/folder1/sand.jpg is file."}
{"level":"info","message":"/home/nestor/Imágenes/folder1/temple.jpg is file."}
{"level":"info","message":"/home/nestor/Imágenes/folder1/trees.jpg is file."}
{"level":"info","message":"/home/nestor/Imágenes/folder1/waterfall.jpg is file."}
{"level":"info","message":"Salimos en getFilesInFolder 2 : RPiSystem.png,lasers.jpg,license.txt,mountain.jpg,raspberry-pi-logo.png,road.jpg,sand.jpg,temple.jpg,trees.jpg,waterfall.jpg"}
{"level":"info","message":"lista de ficheros: RPiSystem.png,lasers.jpg,license.txt,mountain.jpg,raspberry-pi-logo.png,road.jpg,sand.jpg,temple.jpg,trees.jpg,waterfall.jpg"}
{"level":"info","message":"Salimos en getFilesInFolder 1 : "}
{"level":"info","message":"Entramos en getFilesInFolder /home/nestor/Imágenes level: 1"}
{"level":"info","message":"/home/nestor/Imágenes/folder1 is folder"}
{"level":"info","message":"Entramos en getFilesInFolder /home/nestor/Imágenes/folder1 level: 2"}
{"level":"info","message":"/home/nestor/Imágenes/folder1/RPiSystem.png is file."}
{"level":"info","message":"/home/nestor/Imágenes/folder1/folder2 is folder"}
{"level":"info","message":"Entramos en getFilesInFolder /home/nestor/Imágenes/folder1/folder2 level: 3"}
{"level":"info","message":"/home/nestor/Imágenes/folder1/folder2/aurora.jpg is file."}
{"level":"info","message":"/home/nestor/Imágenes/folder1/folder2/balloon.jpg is file."}
{"level":"info","message":"/home/nestor/Imágenes/folder1/folder2/bridge.jpg is file."}
{"level":"info","message":"/home/nestor/Imágenes/folder1/folder2/canyon.jpg is file."}
{"level":"info","message":"/home/nestor/Imágenes/folder1/folder2/cliff.jpg is file."}
{"level":"info","message":"/home/nestor/Imágenes/folder1/folder2/clouds.jpg is file."}
{"level":"info","message":"/home/nestor/Imágenes/folder1/folder2/fisherman.jpg is file."}
{"level":"info","message":"/home/nestor/Imágenes/folder1/folder2/fjord.jpg is file."}
{"level":"info","message":"/home/nestor/Imágenes/folder1/folder2/islands.jpg is file."}
{"level":"info","message":"/home/nestor/Imágenes/folder1/folder2/lasers.jpg is file."}
{"level":"info","message":"Salimos en getFilesInFolder 3 : aurora.jpg,balloon.jpg,bridge.jpg,canyon.jpg,cliff.jpg,clouds.jpg,fisherman.jpg,fjord.jpg,islands.jpg,lasers.jpg"}
{"level":"info","message":"lista de ficheros: aurora.jpg,balloon.jpg,bridge.jpg,canyon.jpg,cliff.jpg,clouds.jpg,fisherman.jpg,fjord.jpg,islands.jpg,lasers.jpg"}
{"level":"info","message":"/home/nestor/Imágenes/folder1/lasers.jpg is file."}
{"level":"info","message":"/home/nestor/Imágenes/folder1/license.txt is file."}
{"level":"info","message":"/home/nestor/Imágenes/folder1/mountain.jpg is file."}
{"level":"info","message":"/home/nestor/Imágenes/folder1/raspberry-pi-logo.png is file."}
{"level":"info","message":"/home/nestor/Imágenes/folder1/road.jpg is file."}
{"level":"info","message":"/home/nestor/Imágenes/folder1/sand.jpg is file."}
{"level":"info","message":"/home/nestor/Imágenes/folder1/temple.jpg is file."}
{"level":"info","message":"/home/nestor/Imágenes/folder1/trees.jpg is file."}
{"level":"info","message":"/home/nestor/Imágenes/folder1/waterfall.jpg is file."}
{"level":"info","message":"Salimos en getFilesInFolder 2 : RPiSystem.png,lasers.jpg,license.txt,mountain.jpg,raspberry-pi-logo.png,road.jpg,sand.jpg,temple.jpg,trees.jpg,waterfall.jpg"}
{"level":"info","message":"lista de ficheros: RPiSystem.png,lasers.jpg,license.txt,mountain.jpg,raspberry-pi-logo.png,road.jpg,sand.jpg,temple.jpg,trees.jpg,waterfall.jpg"}
{"level":"info","message":"Salimos en getFilesInFolder 1 : "}
{"level":"info","message":"Entramos en getFilesInFolder /home/nestor/Imágenes level: 1"}
{"level":"info","message":"/home/nestor/Imágenes/folder1 is folder"}
{"level":"info","message":"Entramos en getFilesInFolder /home/nestor/Imágenes/folder1 level: 2"}
{"level":"info","message":"/home/nestor/Imágenes/folder1/RPiSystem.png is file."}
{"level":"info","message":"/home/nestor/Imágenes/folder1/folder2 is folder"}
{"level":"info","message":"Entramos en getFilesInFolder /home/nestor/Imágenes/folder1/folder2 level: 3"}
{"level":"info","message":"/home/nestor/Imágenes/folder1/folder2/aurora.jpg is file."}
{"level":"info","message":"/home/nestor/Imágenes/folder1/folder2/balloon.jpg is file."}
{"level":"info","message":"/home/nestor/Imágenes/folder1/folder2/bridge.jpg is file."}
{"level":"info","message":"/home/nestor/Imágenes/folder1/folder2/canyon.jpg is file."}
{"level":"info","message":"/home/nestor/Imágenes/folder1/folder2/cliff.jpg is file."}
{"level":"info","message":"/home/nestor/Imágenes/folder1/folder2/clouds.jpg is file."}
{"level":"info","message":"/home/nestor/Imágenes/folder1/folder2/fisherman.jpg is file."}
{"level":"info","message":"/home/nestor/Imágenes/folder1/folder2/fjord.jpg is file."}
{"level":"info","message":"/home/nestor/Imágenes/folder1/folder2/islands.jpg is file."}
{"level":"info","message":"/home/nestor/Imágenes/folder1/folder2/lasers.jpg is file."}
{"level":"info","message":"Salimos en getFilesInFolder 3 : aurora.jpg,balloon.jpg,bridge.jpg,canyon.jpg,cliff.jpg,clouds.jpg,fisherman.jpg,fjord.jpg,islands.jpg,lasers.jpg"}
{"level":"info","message":"/home/nestor/Imágenes/folder1/lasers.jpg is file."}
{"level":"info","message":"/home/nestor/Imágenes/folder1/license.txt is file."}
{"level":"info","message":"/home/nestor/Imágenes/folder1/mountain.jpg is file."}
{"level":"info","message":"/home/nestor/Imágenes/folder1/raspberry-pi-logo.png is file."}
{"level":"info","message":"/home/nestor/Imágenes/folder1/road.jpg is file."}
{"level":"info","message":"/home/nestor/Imágenes/folder1/sand.jpg is file."}
{"level":"info","message":"/home/nestor/Imágenes/folder1/temple.jpg is file."}
{"level":"info","message":"/home/nestor/Imágenes/folder1/trees.jpg is file."}
{"level":"info","message":"/home/nestor/Imágenes/folder1/waterfall.jpg is file."}
{"level":"info","message":"Salimos en getFilesInFolder 2 : RPiSystem.png,lasers.jpg,license.txt,mountain.jpg,raspberry-pi-logo.png,road.jpg,sand.jpg,temple.jpg,trees.jpg,waterfall.jpg"}
{"level":"info","message":"Salimos en getFilesInFolder 1 : "}
{"level":"info","message":"Entramos en getFilesInFolder /home/nestor/Imágenes level: 1"}
{"level":"info","message":"/home/nestor/Imágenes/folder1 is folder"}
{"level":"info","message":"Entramos en getFilesInFolder /home/nestor/Imágenes/folder1 level: 2"}
{"level":"info","message":"/home/nestor/Imágenes/folder1/folder2 is folder"}
{"level":"info","message":"Entramos en getFilesInFolder /home/nestor/Imágenes/folder1/folder2 level: 3"}
{"level":"info","message":"Salimos en getFilesInFolder 3 : aurora.jpg,balloon.jpg,bridge.jpg,canyon.jpg,cliff.jpg,clouds.jpg,fisherman.jpg,fjord.jpg,islands.jpg,lasers.jpg"}
{"level":"info","message":"Salimos en getFilesInFolder 2 : RPiSystem.png,lasers.jpg,license.txt,mountain.jpg,raspberry-pi-logo.png,road.jpg,sand.jpg,temple.jpg,trees.jpg,waterfall.jpg"}
{"level":"info","message":"Salimos en getFilesInFolder 1 : "}
{"level":"info","message":"Entramos en getFilesInFolder /home/nestor/Imágenes level: 1"}
{"level":"info","message":"/home/nestor/Imágenes/folder1 is folder"}
{"level":"info","message":"list antes de nuevo nivel: "}
{"level":"info","message":"Entramos en getFilesInFolder /home/nestor/Imágenes/folder1 level: 2"}
{"level":"info","message":"/home/nestor/Imágenes/folder1/folder2 is folder"}
{"level":"info","message":"list antes de nuevo nivel: RPiSystem.png"}
{"level":"info","message":"Entramos en getFilesInFolder /home/nestor/Imágenes/folder1/folder2 level: 3"}
{"level":"info","message":"Salimos en getFilesInFolder 3 : aurora.jpg,balloon.jpg,bridge.jpg,canyon.jpg,cliff.jpg,clouds.jpg,fisherman.jpg,fjord.jpg,islands.jpg,lasers.jpg"}
{"level":"info","message":"list despues de nuevo nivel: RPiSystem.png"}
{"level":"info","message":"Salimos en getFilesInFolder 2 : RPiSystem.png,lasers.jpg,license.txt,mountain.jpg,raspberry-pi-logo.png,road.jpg,sand.jpg,temple.jpg,trees.jpg,waterfall.jpg"}
{"level":"info","message":"list despues de nuevo nivel: "}
{"level":"info","message":"Salimos en getFilesInFolder 1 : "}
{"level":"info","message":"Entramos en getFilesInFolder /home/nestor/Imágenes level: 1"}
{"level":"info","message":"/home/nestor/Imágenes/folder1 is folder"}
{"level":"info","message":"list antes de nuevo nivel: "}
{"level":"info","message":"Entramos en getFilesInFolder /home/nestor/Imágenes level: 1"}
{"level":"info","message":"/home/nestor/Imágenes/folder1 is folder"}
{"level":"info","message":"list antes de nuevo nivel: "}
{"level":"info","message":"Entramos en getFilesInFolder /home/nestor/Imágenes/folder1 level: 2"}
{"level":"info","message":"/home/nestor/Imágenes/folder1/folder2 is folder"}
{"level":"info","message":"list antes de nuevo nivel: RPiSystem.png"}
{"level":"info","message":"Entramos en getFilesInFolder /home/nestor/Imágenes/folder1/folder2 level: 3"}
{"level":"info","message":"Salimos en getFilesInFolder 3 : aurora.jpg,balloon.jpg,bridge.jpg,canyon.jpg,cliff.jpg,clouds.jpg,fisherman.jpg,fjord.jpg,islands.jpg,lasers.jpg"}
{"level":"info","message":"res que han devuelto: aurora.jpg,balloon.jpg,bridge.jpg,canyon.jpg,cliff.jpg,clouds.jpg,fisherman.jpg,fjord.jpg,islands.jpg,lasers.jpg"}
{"level":"info","message":"list despues de nuevo nivel: RPiSystem.png"}
{"level":"info","message":"Salimos en getFilesInFolder 2 : RPiSystem.png,lasers.jpg,license.txt,mountain.jpg,raspberry-pi-logo.png,road.jpg,sand.jpg,temple.jpg,trees.jpg,waterfall.jpg"}
{"level":"info","message":"res que han devuelto: RPiSystem.png,lasers.jpg,license.txt,mountain.jpg,raspberry-pi-logo.png,road.jpg,sand.jpg,temple.jpg,trees.jpg,waterfall.jpg"}
{"level":"info","message":"list despues de nuevo nivel: "}
{"level":"info","message":"Salimos en getFilesInFolder 1 : "}
{"level":"info","message":"Entramos en getFilesInFolder /home/nestor/Imágenes level: 1"}
{"level":"info","message":"/home/nestor/Imágenes/folder1 is folder"}
{"level":"info","message":"list antes de nuevo nivel: "}
{"level":"info","message":"Entramos en getFilesInFolder /home/nestor/Imágenes/folder1 level: 2"}
{"level":"info","message":"/home/nestor/Imágenes/folder1/folder2 is folder"}
{"level":"info","message":"list antes de nuevo nivel: RPiSystem.png"}
{"level":"info","message":"Entramos en getFilesInFolder /home/nestor/Imágenes/folder1/folder2 level: 3"}
{"level":"info","message":"Salimos en getFilesInFolder 3 : aurora.jpg,balloon.jpg,bridge.jpg,canyon.jpg,cliff.jpg,clouds.jpg,fisherman.jpg,fjord.jpg,islands.jpg,lasers.jpg"}
{"level":"info","message":"res que han devuelto: aurora.jpg,balloon.jpg,bridge.jpg,canyon.jpg,cliff.jpg,clouds.jpg,fisherman.jpg,fjord.jpg,islands.jpg,lasers.jpg"}
{"level":"info","message":"list despues de nuevo nivel: RPiSystem.png,aurora.jpg,balloon.jpg,bridge.jpg,canyon.jpg,cliff.jpg,clouds.jpg,fisherman.jpg,fjord.jpg,islands.jpg,lasers.jpg"}
{"level":"info","message":"Salimos en getFilesInFolder 2 : RPiSystem.png,aurora.jpg,balloon.jpg,bridge.jpg,canyon.jpg,cliff.jpg,clouds.jpg,fisherman.jpg,fjord.jpg,islands.jpg,lasers.jpg,lasers.jpg,license.txt,mountain.jpg,raspberry-pi-logo.png,road.jpg,sand.jpg,temple.jpg,trees.jpg,waterfall.jpg"}
{"level":"info","message":"res que han devuelto: RPiSystem.png,aurora.jpg,balloon.jpg,bridge.jpg,canyon.jpg,cliff.jpg,clouds.jpg,fisherman.jpg,fjord.jpg,islands.jpg,lasers.jpg,lasers.jpg,license.txt,mountain.jpg,raspberry-pi-logo.png,road.jpg,sand.jpg,temple.jpg,trees.jpg,waterfall.jpg"}
{"level":"info","message":"list despues de nuevo nivel: RPiSystem.png,aurora.jpg,balloon.jpg,bridge.jpg,canyon.jpg,cliff.jpg,clouds.jpg,fisherman.jpg,fjord.jpg,islands.jpg,lasers.jpg,lasers.jpg,license.txt,mountain.jpg,raspberry-pi-logo.png,road.jpg,sand.jpg,temple.jpg,trees.jpg,waterfall.jpg"}
{"level":"info","message":"Salimos en getFilesInFolder 1 : RPiSystem.png,aurora.jpg,balloon.jpg,bridge.jpg,canyon.jpg,cliff.jpg,clouds.jpg,fisherman.jpg,fjord.jpg,islands.jpg,lasers.jpg,lasers.jpg,license.txt,mountain.jpg,raspberry-pi-logo.png,road.jpg,sand.jpg,temple.jpg,trees.jpg,waterfall.jpg"}
{"level":"info","message":"Entramos en getFilesInFolder /home/nestor/Imágenes level: 1"}
{"level":"info","message":"/home/nestor/Imágenes/folder1 is folder"}
{"level":"info","message":"list antes de nuevo nivel: "}
{"level":"info","message":"Entramos en getFilesInFolder /home/nestor/Imágenes/folder1 level: 2"}
{"level":"info","message":"/home/nestor/Imágenes/folder1/folder2 is folder"}
{"level":"info","message":"list antes de nuevo nivel: RPiSystem.png"}
{"level":"info","message":"Entramos en getFilesInFolder /home/nestor/Imágenes/folder1/folder2 level: 3"}
{"level":"info","message":"Salimos en getFilesInFolder 3 : aurora.jpg,balloon.jpg,bridge.jpg,canyon.jpg,cliff.jpg,clouds.jpg,fisherman.jpg,fjord.jpg,islands.jpg,lasers.jpg"}
{"level":"info","message":"res que han devuelto: aurora.jpg,balloon.jpg,bridge.jpg,canyon.jpg,cliff.jpg,clouds.jpg,fisherman.jpg,fjord.jpg,islands.jpg,lasers.jpg"}
{"level":"info","message":"list despues de nuevo nivel: RPiSystem.png"}
{"level":"info","message":"Salimos en getFilesInFolder 2 : RPiSystem.png,lasers.jpg,license.txt,mountain.jpg,raspberry-pi-logo.png,road.jpg,sand.jpg,temple.jpg,trees.jpg,waterfall.jpg"}
{"level":"info","message":"res que han devuelto: RPiSystem.png,lasers.jpg,license.txt,mountain.jpg,raspberry-pi-logo.png,road.jpg,sand.jpg,temple.jpg,trees.jpg,waterfall.jpg"}
{"level":"info","message":"list despues de nuevo nivel: "}
{"level":"info","message":"Salimos en getFilesInFolder 1 : "}
{"level":"info","message":"Entramos en getFilesInFolder /home/nestor/Imágenes level: 1"}
{"level":"info","message":"/home/nestor/Imágenes/folder1 is folder"}
{"level":"info","message":"list antes de nuevo nivel: "}
{"level":"info","message":"Entramos en getFilesInFolder /home/nestor/Imágenes/folder1 level: 2"}
{"level":"info","message":"/home/nestor/Imágenes/folder1/folder2 is folder"}
{"level":"info","message":"list antes de nuevo nivel: RPiSystem.png"}
{"level":"info","message":"Entramos en getFilesInFolder /home/nestor/Imágenes/folder1/folder2 level: 3"}
{"level":"info","message":"Salimos en getFilesInFolder 3 : aurora.jpg,balloon.jpg,bridge.jpg,canyon.jpg,cliff.jpg,clouds.jpg,fisherman.jpg,fjord.jpg,islands.jpg,lasers.jpg"}
{"level":"info","message":"res que han devuelto: aurora.jpg,balloon.jpg,bridge.jpg,canyon.jpg,cliff.jpg,clouds.jpg,fisherman.jpg,fjord.jpg,islands.jpg,lasers.jpg"}
{"level":"info","message":"list despues de nuevo nivel: aurora.jpg,balloon.jpg,bridge.jpg,canyon.jpg,cliff.jpg,clouds.jpg,fisherman.jpg,fjord.jpg,islands.jpg,lasers.jpg,RPiSystem.png"}
{"level":"info","message":"Salimos en getFilesInFolder 2 : aurora.jpg,balloon.jpg,bridge.jpg,canyon.jpg,cliff.jpg,clouds.jpg,fisherman.jpg,fjord.jpg,islands.jpg,lasers.jpg,RPiSystem.png,lasers.jpg,license.txt,mountain.jpg,raspberry-pi-logo.png,road.jpg,sand.jpg,temple.jpg,trees.jpg,waterfall.jpg"}
{"level":"info","message":"res que han devuelto: aurora.jpg,balloon.jpg,bridge.jpg,canyon.jpg,cliff.jpg,clouds.jpg,fisherman.jpg,fjord.jpg,islands.jpg,lasers.jpg,RPiSystem.png,lasers.jpg,license.txt,mountain.jpg,raspberry-pi-logo.png,road.jpg,sand.jpg,temple.jpg,trees.jpg,waterfall.jpg"}
{"level":"info","message":"list despues de nuevo nivel: aurora.jpg,balloon.jpg,bridge.jpg,canyon.jpg,cliff.jpg,clouds.jpg,fisherman.jpg,fjord.jpg,islands.jpg,lasers.jpg,RPiSystem.png,lasers.jpg,license.txt,mountain.jpg,raspberry-pi-logo.png,road.jpg,sand.jpg,temple.jpg,trees.jpg,waterfall.jpg"}
{"level":"info","message":"Salimos en getFilesInFolder 1 : aurora.jpg,balloon.jpg,bridge.jpg,canyon.jpg,cliff.jpg,clouds.jpg,fisherman.jpg,fjord.jpg,islands.jpg,lasers.jpg,RPiSystem.png,lasers.jpg,license.txt,mountain.jpg,raspberry-pi-logo.png,road.jpg,sand.jpg,temple.jpg,trees.jpg,waterfall.jpg"}
{"level":"info","message":"Salimos en getFilesInFolder 3 : aurora.jpg,balloon.jpg,bridge.jpg,canyon.jpg,cliff.jpg,clouds.jpg,fisherman.jpg,fjord.jpg,islands.jpg,lasers.jpg"}
{"level":"info","message":"Salimos en getFilesInFolder 2 : RPiSystem.png,aurora.jpg,balloon.jpg,bridge.jpg,canyon.jpg,cliff.jpg,clouds.jpg,fisherman.jpg,fjord.jpg,islands.jpg,lasers.jpg,lasers.jpg,license.txt,mountain.jpg,raspberry-pi-logo.png,road.jpg,sand.jpg,temple.jpg,trees.jpg,waterfall.jpg"}
{"level":"info","message":"Salimos en getFilesInFolder 1 : RPiSystem.png,aurora.jpg,balloon.jpg,bridge.jpg,canyon.jpg,cliff.jpg,clouds.jpg,fisherman.jpg,fjord.jpg,islands.jpg,lasers.jpg,lasers.jpg,license.txt,mountain.jpg,raspberry-pi-logo.png,road.jpg,sand.jpg,temple.jpg,trees.jpg,waterfall.jpg"}
{"level":"info","message":"Salimos en getFilesInFolder 3 : aurora.jpg,balloon.jpg,bridge.jpg,canyon.jpg,cliff.jpg,clouds.jpg,fisherman.jpg,fjord.jpg,islands.jpg,lasers.jpg"}
{"level":"info","message":"Salimos en getFilesInFolder 2 : RPiSystem.png,aurora.jpg,balloon.jpg,bridge.jpg,canyon.jpg,cliff.jpg,clouds.jpg,fisherman.jpg,fjord.jpg,islands.jpg,lasers.jpg,lasers.jpg,license.txt,mountain.jpg,raspberry-pi-logo.png,road.jpg,sand.jpg,temple.jpg,trees.jpg,waterfall.jpg"}
{"level":"info","message":"Salimos en getFilesInFolder 1 : RPiSystem.png,aurora.jpg,balloon.jpg,bridge.jpg,canyon.jpg,cliff.jpg,clouds.jpg,fisherman.jpg,fjord.jpg,islands.jpg,lasers.jpg,lasers.jpg,license.txt,mountain.jpg,raspberry-pi-logo.png,road.jpg,sand.jpg,temple.jpg,trees.jpg,waterfall.jpg"}
{"level":"info","message":"Salimos en getFilesInFolder 3 : aurora.jpg,balloon.jpg,bridge.jpg,canyon.jpg,cliff.jpg,clouds.jpg,fisherman.jpg,fjord.jpg,islands.jpg,lasers.jpg"}
{"level":"info","message":"Salimos en getFilesInFolder 2 : RPiSystem.png,aurora.jpg,balloon.jpg,bridge.jpg,canyon.jpg,cliff.jpg,clouds.jpg,fisherman.jpg,fjord.jpg,islands.jpg,lasers.jpg,lasers.jpg,license.txt,mountain.jpg,raspberry-pi-logo.png,road.jpg,sand.jpg,temple.jpg,trees.jpg,waterfall.jpg"}
{"level":"info","message":"Salimos en getFilesInFolder 1 : RPiSystem.png,aurora.jpg,balloon.jpg,bridge.jpg,canyon.jpg,cliff.jpg,clouds.jpg,fisherman.jpg,fjord.jpg,islands.jpg,lasers.jpg,lasers.jpg,license.txt,mountain.jpg,raspberry-pi-logo.png,road.jpg,sand.jpg,temple.jpg,trees.jpg,waterfall.jpg"}
{"level":"info","message":"Salimos en getFilesInFolder 3 : [object Object],[object Object],[object Object],[object Object],[object Object],[object Object],[object Object],[object Object],[object Object],[object Object]"}
{"level":"info","message":"Salimos en getFilesInFolder 2 : [object Object],[object Object],[object Object],[object Object],[object Object],[object Object],[object Object],[object Object],[object Object],[object Object],[object Object],[object Object],[object Object],[object Object],[object Object],[object Object],[object Object],[object Object],[object Object],[object Object]"}
{"level":"info","message":"Salimos en getFilesInFolder 1 : [object Object],[object Object],[object Object],[object Object],[object Object],[object Object],[object Object],[object Object],[object Object],[object Object],[object Object],[object Object],[object Object],[object Object],[object Object],[object Object],[object Object],[object Object],[object Object],[object Object]"}
{"level":"info","message":"Salimos en getFilesInFolder 3 : [object Object],[object Object],[object Object],[object Object],[object Object],[object Object],[object Object],[object Object],[object Object],[object Object]"}
{"level":"info","message":"Salimos en getFilesInFolder 2 : [object Object],[object Object],[object Object],[object Object],[object Object],[object Object],[object Object],[object Object],[object Object],[object Object],[object Object],[object Object],[object Object],[object Object],[object Object],[object Object],[object Object],[object Object],[object Object],[object Object]"}
{"level":"info","message":"Salimos en getFilesInFolder 1 : [object Object],[object Object],[object Object],[object Object],[object Object],[object Object],[object Object],[object Object],[object Object],[object Object],[object Object],[object Object],[object Object],[object Object],[object Object],[object Object],[object Object],[object Object],[object Object],[object Object]"}
{"level":"info","message":"Salimos en getFilesInFolder 3 : [object Object],[object Object],[object Object],[object Object],[object Object],[object Object],[object Object],[object Object],[object Object],[object Object]"}
{"level":"info","message":"Salimos en getFilesInFolder 2 : [object Object],[object Object],[object Object],[object Object],[object Object],[object Object],[object Object],[object Object],[object Object],[object Object],[object Object],[object Object],[object Object],[object Object],[object Object],[object Object],[object Object],[object Object],[object Object],[object Object]"}
{"level":"info","message":"Salimos en getFilesInFolder 1 : [object Object],[object Object],[object Object],[object Object],[object Object],[object Object],[object Object],[object Object],[object Object],[object Object],[object Object],[object Object],[object Object],[object Object],[object Object],[object Object],[object Object],[object Object],[object Object],[object Object]"}
{"level":"info","message":"Probando los logs"}
{"level":"error","message":"Probando los logs"}
{"date":"Mon May 16 2022 21:23:48 GMT+0200 (hora de verano de Europa central)","error":{},"exception":true,"level":"error","message":"uncaughtException: app is not defined\nReferenceError: app is not defined\n    at Server.<anonymous> (/home/nestor/dev/webserver/src/server.js:29:18)\n    at Object.onceWrapper (node:events:641:28)\n    at Server.emit (node:events:527:28)\n    at emitListeningNT (node:net:1414:10)\n    at process.processTicksAndRejections (node:internal/process/task_queues:81:21)","os":{"loadavg":[1.71,1.59,1.54],"uptime":17411.4},"process":{"argv":["/usr/bin/node","/home/nestor/dev/webserver/src/server.js"],"cwd":"/home/nestor/dev/webserver","execPath":"/usr/bin/node","gid":1000,"memoryUsage":{"arrayBuffers":205889,"external":826480,"heapTotal":18153472,"heapUsed":11622008,"rss":51372032},"pid":17008,"uid":1000,"version":"v18.1.0"},"stack":"ReferenceError: app is not defined\n    at Server.<anonymous> (/home/nestor/dev/webserver/src/server.js:29:18)\n    at Object.onceWrapper (node:events:641:28)\n    at Server.emit (node:events:527:28)\n    at emitListeningNT (node:net:1414:10)\n    at process.processTicksAndRejections (node:internal/process/task_queues:81:21)","trace":[{"column":18,"file":"/home/nestor/dev/webserver/src/server.js","function":null,"line":29,"method":null,"native":false},{"column":28,"file":"node:events","function":"Object.onceWrapper","line":641,"method":"onceWrapper","native":false},{"column":28,"file":"node:events","function":"Server.emit","line":527,"method":"emit","native":false},{"column":10,"file":"node:net","function":"emitListeningNT","line":1414,"method":null,"native":false},{"column":21,"file":"node:internal/process/task_queues","function":"process.processTicksAndRejections","line":81,"method":"processTicksAndRejections","native":false}]}
{"level":"info","message":"Probando los logs"}
{"level":"info","message":"Arrancando servidor en http://localhost:3000"}
{"date":"Mon May 16 2022 21:27:33 GMT+0200 (hora de verano de Europa central)","error":{},"exception":true,"level":"error","message":"uncaughtException: app is not defined\nReferenceError: app is not defined\n    at Server.<anonymous> (/home/nestor/dev/webserver/src/server.js:29:27)\n    at Object.onceWrapper (node:events:641:28)\n    at Server.emit (node:events:527:28)\n    at emitListeningNT (node:net:1414:10)\n    at process.processTicksAndRejections (node:internal/process/task_queues:81:21)","os":{"loadavg":[2.14,1.79,1.63],"uptime":17636.64},"process":{"argv":["/usr/bin/node","/home/nestor/dev/webserver/src/server.js"],"cwd":"/home/nestor/dev/webserver","execPath":"/usr/bin/node","gid":1000,"memoryUsage":{"arrayBuffers":197697,"external":818288,"heapTotal":18415616,"heapUsed":11403112,"rss":51683328},"pid":17263,"uid":1000,"version":"v18.1.0"},"stack":"ReferenceError: app is not defined\n    at Server.<anonymous> (/home/nestor/dev/webserver/src/server.js:29:27)\n    at Object.onceWrapper (node:events:641:28)\n    at Server.emit (node:events:527:28)\n    at emitListeningNT (node:net:1414:10)\n    at process.processTicksAndRejections (node:internal/process/task_queues:81:21)","trace":[{"column":27,"file":"/home/nestor/dev/webserver/src/server.js","function":null,"line":29,"method":null,"native":false},{"column":28,"file":"node:events","function":"Object.onceWrapper","line":641,"method":"onceWrapper","native":false},{"column":28,"file":"node:events","function":"Server.emit","line":527,"method":"emit","native":false},{"column":10,"file":"node:net","function":"emitListeningNT","line":1414,"method":null,"native":false},{"column":21,"file":"node:internal/process/task_queues","function":"process.processTicksAndRejections","line":81,"method":"processTicksAndRejections","native":false}]}
{"level":"info","message":"Probando los logs"}
{"level":"info","message":"Arrancando servidor en http://localhost:3000"}
{"date":"Mon May 16 2022 21:31:54 GMT+0200 (hora de verano de Europa central)","error":{},"exception":true,"level":"error","message":"uncaughtException: app is not defined\nReferenceError: app is not defined\n    at Server.<anonymous> (/home/nestor/dev/webserver/src/server.js:29:27)\n    at Object.onceWrapper (node:events:641:28)\n    at Server.emit (node:events:527:28)\n    at emitListeningNT (node:net:1414:10)\n    at process.processTicksAndRejections (node:internal/process/task_queues:81:21)","os":{"loadavg":[1.64,1.61,1.59],"uptime":17897.88},"process":{"argv":["/usr/bin/node","/home/nestor/dev/webserver/src/server.js"],"cwd":"/home/nestor/dev/webserver","execPath":"/usr/bin/node","gid":1000,"memoryUsage":{"arrayBuffers":205889,"external":826480,"heapTotal":18677760,"heapUsed":11640800,"rss":52289536},"pid":17616,"uid":1000,"version":"v18.1.0"},"stack":"ReferenceError: app is not defined\n    at Server.<anonymous> (/home/nestor/dev/webserver/src/server.js:29:27)\n    at Object.onceWrapper (node:events:641:28)\n    at Server.emit (node:events:527:28)\n    at emitListeningNT (node:net:1414:10)\n    at process.processTicksAndRejections (node:internal/process/task_queues:81:21)","trace":[{"column":27,"file":"/home/nestor/dev/webserver/src/server.js","function":null,"line":29,"method":null,"native":false},{"column":28,"file":"node:events","function":"Object.onceWrapper","line":641,"method":"onceWrapper","native":false},{"column":28,"file":"node:events","function":"Server.emit","line":527,"method":"emit","native":false},{"column":10,"file":"node:net","function":"emitListeningNT","line":1414,"method":null,"native":false},{"column":21,"file":"node:internal/process/task_queues","function":"process.processTicksAndRejections","line":81,"method":"processTicksAndRejections","native":false}]}
{"level":"info","message":"Probando los logs"}
{"level":"info","message":"Arrancando servidor en http://localhost:3000"}
{"level":"info","message":"Arrancamos rutas"}
{"contentLength":"240","level":"info","message":"HTTP Access Log","method":"GET","responseTime":37.518,"status":200,"timestamp":"Mon May 16 2022 21:34:22 GMT+0200 (hora de verano de Europa central)","url":"/"}
{"contentLength":"150","level":"info","message":"HTTP Access Log","method":"GET","responseTime":8.261,"status":404,"timestamp":"Mon May 16 2022 21:34:23 GMT+0200 (hora de verano de Europa central)","url":"/favicon.ico"}
{"contentLength":"143","level":"info","message":"HTTP Access Log","method":"GET","responseTime":2.907,"status":404,"timestamp":"Mon May 16 2022 21:34:36 GMT+0200 (hora de verano de Europa central)","url":"/docs"}
{"level":"info","message":"Probando los logs"}
{"level":"info","message":"Arrancando servidor en http://localhost:3000"}
{"level":"info","message":"Arrancamos rutas"}
{"contentLength":"143","level":"info","message":"HTTP Access Log","method":"GET","responseTime":13.63,"status":404,"timestamp":"Mon May 16 2022 21:35:25 GMT+0200 (hora de verano de Europa central)","url":"/docs"}
{"contentLength":"20","level":"info","message":"HTTP Access Log","method":"GET","responseTime":10.709,"status":200,"timestamp":"Mon May 16 2022 21:35:39 GMT+0200 (hora de verano de Europa central)","url":"/cursos"}
{"level":"info","message":"Probando los logs"}
{"level":"info","message":"Arrancando servidor en http://localhost:3000"}
{"level":"info","message":"Arrancamos rutas"}
{"contentLength":"145","level":"info","message":"HTTP Access Log","method":"GET","responseTime":12.489,"status":404,"timestamp":"Mon May 16 2022 21:36:01 GMT+0200 (hora de verano de Europa central)","url":"/cursos"}
{"level":"info","message":"Probando los logs"}
{"level":"info","message":"Arrancando servidor en http://localhost:3000"}
{"level":"info","message":"Arrancamos rutas"}
{"contentLength":"-","level":"info","message":"HTTP Access Log","method":"GET","responseTime":23.096,"status":304,"timestamp":"Mon May 16 2022 22:09:13 GMT+0200 (hora de verano de Europa central)","url":"/"}
{"contentLength":"145","level":"info","message":"HTTP Access Log","method":"GET","responseTime":6.977,"status":404,"timestamp":"Mon May 16 2022 22:10:23 GMT+0200 (hora de verano de Europa central)","url":"/cursos"}
